
> vue-cli@1.0.0 build /media/xian/Work/myproject/flaskApp-ElementUI/flaskApp/static/vue-cli-admin
> node build/build.js

Hash: [1m69b2bfa36b2aebbec3ea[39m[22m
Version: webpack [1m3.11.0[39m[22m
Time: [1m37897[39m[22mms
                                                      [1mAsset[39m[22m       [1mSize[39m[22m   [1mChunks[39m[22m  [1m[39m[22m           [1m[39m[22m       [1mChunk Names[39m[22m
           [1m[32mstatic-vue/js/vendor.27c9e6b8ac4a8a26aea0.js.map[39m[22m     2.9 MB        [1m3[39m[22m  [1m[32m[emitted][39m[22m         vendor
                      [1m[32mstatic-vue/img/login-bg-8.7c7f315.jpg[39m[22m     247 kB         [1m[39m[22m  [1m[32m[emitted][39m[22m         
           [1m[32mstatic-vue/fonts/fontawesome-webfont.674f50d.eot[39m[22m     166 kB         [1m[39m[22m  [1m[32m[emitted][39m[22m         
           [1m[32mstatic-vue/fonts/fontawesome-webfont.b06871f.ttf[39m[22m     166 kB         [1m[39m[22m  [1m[32m[emitted][39m[22m         
             [1m[33mstatic-vue/img/fontawesome-webfont.912ec66.svg[39m[22m     [1m[33m444 kB[39m[22m         [1m[39m[22m  [1m[32m[emitted][39m[22m  [1m[33m[big][39m[22m  
          [1m[32mstatic-vue/fonts/fontawesome-webfont.fee66e7.woff[39m[22m      98 kB         [1m[39m[22m  [1m[32m[emitted][39m[22m         
                 [1m[32mstatic-vue/fonts/element-icons.6f0a763.ttf[39m[22m      11 kB         [1m[39m[22m  [1m[32m[emitted][39m[22m         
                             [1m[32mstatic-vue/img/404.a57b6f3.png[39m[22m    98.1 kB         [1m[39m[22m  [1m[32m[emitted][39m[22m         
                    [1m[32mstatic-vue/js/0.91873af837fd98ae0e39.js[39m[22m    1.17 kB        [1m0[39m[22m  [1m[32m[emitted][39m[22m         
                    [1m[33mstatic-vue/js/1.1bd923d9fb0820f9010e.js[39m[22m     [1m[33m372 kB[39m[22m  [1m1, 0, 2[39m[22m  [1m[32m[emitted][39m[22m  [1m[33m[big][39m[22m  
                    [1m[32mstatic-vue/js/2.211c83683ed163f5e3ae.js[39m[22m    6.09 kB        [1m2[39m[22m  [1m[32m[emitted][39m[22m         
               [1m[33mstatic-vue/js/vendor.27c9e6b8ac4a8a26aea0.js[39m[22m     [1m[33m753 kB[39m[22m        [1m3[39m[22m  [1m[32m[emitted][39m[22m  [1m[33m[big][39m[22m  vendor
                  [1m[32mstatic-vue/js/app.c70bb71a0f2084fa69ad.js[39m[22m    24.5 kB        [1m4[39m[22m  [1m[32m[emitted][39m[22m         app
             [1m[32mstatic-vue/js/manifest.e90f9cacab4fd7225d21.js[39m[22m    1.52 kB        [1m5[39m[22m  [1m[32m[emitted][39m[22m         manifest
    [1m[32mstatic-vue/css/app.783ed9aaecd0da10f15ca7153ad6a9b2.css[39m[22m     219 kB        [1m4[39m[22m  [1m[32m[emitted][39m[22m         app
[1m[32mstatic-vue/css/app.783ed9aaecd0da10f15ca7153ad6a9b2.css.map[39m[22m     332 kB         [1m[39m[22m  [1m[32m[emitted][39m[22m         
                [1m[32mstatic-vue/js/0.91873af837fd98ae0e39.js.map[39m[22m    5.72 kB        [1m0[39m[22m  [1m[32m[emitted][39m[22m         
                [1m[32mstatic-vue/js/1.1bd923d9fb0820f9010e.js.map[39m[22m    1.23 MB  [1m1, 0, 2[39m[22m  [1m[32m[emitted][39m[22m         
                [1m[32mstatic-vue/js/2.211c83683ed163f5e3ae.js.map[39m[22m    23.5 kB        [1m2[39m[22m  [1m[32m[emitted][39m[22m         
         [1m[32mstatic-vue/fonts/fontawesome-webfont.af7ae50.woff2[39m[22m    77.2 kB         [1m[39m[22m  [1m[32m[emitted][39m[22m         
              [1m[32mstatic-vue/js/app.c70bb71a0f2084fa69ad.js.map[39m[22m    56.5 kB        [1m4[39m[22m  [1m[32m[emitted][39m[22m         app
         [1m[32mstatic-vue/js/manifest.e90f9cacab4fd7225d21.js.map[39m[22m    7.86 kB        [1m5[39m[22m  [1m[32m[emitted][39m[22m         manifest
                                                [1m[32mfavicon.ico[39m[22m    3.66 kB         [1m[39m[22m  [1m[32m[emitted][39m[22m         
                                                 [1m[32mindex.html[39m[22m  604 bytes         [1m[39m[22m  [1m[32m[emitted][39m[22m         
                                 [1m[32mstatic-vue/img/help001.png[39m[22m      30 kB         [1m[39m[22m  [1m[32m[emitted][39m[22m         
                                 [1m[32mstatic-vue/img/help002.png[39m[22m    25.9 kB         [1m[39m[22m  [1m[32m[emitted][39m[22m         
                                 [1m[32mstatic-vue/img/help003.png[39m[22m    31.5 kB         [1m[39m[22m  [1m[32m[emitted][39m[22m         
                                 [1m[32mstatic-vue/img/help004.png[39m[22m    29.5 kB         [1m[39m[22m  [1m[32m[emitted][39m[22m         
                                 [1m[32mstatic-vue/img/help005.png[39m[22m    29.9 kB         [1m[39m[22m  [1m[32m[emitted][39m[22m         
                                 [1m[32mstatic-vue/img/help006.png[39m[22m    24.8 kB         [1m[39m[22m  [1m[32m[emitted][39m[22m         
                                 [1m[32mstatic-vue/img/help007.png[39m[22m    24.5 kB         [1m[39m[22m  [1m[32m[emitted][39m[22m         
                                 [1m[32mstatic-vue/img/help008.png[39m[22m    14.2 kB         [1m[39m[22m  [1m[32m[emitted][39m[22m         
                                 [1m[32mstatic-vue/img/help009.png[39m[22m    55.9 kB         [1m[39m[22m  [1m[32m[emitted][39m[22m         
                                 [1m[32mstatic-vue/img/help010.png[39m[22m    24.3 kB         [1m[39m[22m  [1m[32m[emitted][39m[22m         
                                 [1m[32mstatic-vue/img/help011.png[39m[22m    14.6 kB         [1m[39m[22m  [1m[32m[emitted][39m[22m         
                                  [1m[32mstatic-vue/json/menu.json[39m[22m    5.26 kB         [1m[39m[22m  [1m[32m[emitted][39m[22m         
                           [1m[32mstatic-vue/page/my_use_help.html[39m[22m    3.78 kB         [1m[39m[22m  [1m[32m[emitted][39m[22m         
                            [1m[32mstatic-vue/page/mytestList.html[39m[22m  146 bytes         [1m[39m[22m  [1m[32m[emitted][39m[22m         

  Build complete.

  Tip: built files are meant to be served over an HTTP server.
  Opening index.html over file:// won't work.

