*** Starting uWSGI 2.0.17.1 (64bit) on [Mon Mar 16 19:54:18 2020] ***
compiled with version: 7.3.0 on 16 December 2018 11:36:53
os: Linux-4.15.0-72-generic #81-Ubuntu SMP Tue Nov 26 12:20:02 UTC 2019
nodename: dell-3576
machine: x86_64
clock source: unix
detected number of CPU cores: 8
current working directory: /media/xian/Work/myproject/flaskApp-ElementUI
writing pidfile to ./uwsgi.pid
detected binary path: /home/xian/.local/bin/uwsgi
!!! no internal routing support, rebuild with pcre support !!!
chdir() to /media/xian/Work/myproject/flaskApp-ElementUI/
your processes number limit is 30952
your memory page size is 4096 bytes
detected max file descriptor number: 1024
lock engine: pthread robust mutexes
thunder lock: disabled (you can enable it with --thunder-lock)
uwsgi socket 0 bound to TCP address :5000 fd 17
Python version: 3.6.8 (default, Oct  7 2019, 12:59:55)  [GCC 8.3.0]
Python main interpreter initialized at 0x55c8d305bad0
python threads support enabled
your server socket listen backlog is limited to 100 connections
your mercy for graceful operations on workers is 60 seconds
mapped 416720 bytes (406 KB) for 8 cores
*** Operational MODE: preforking+threaded ***
WSGI app 0 (mountpoint='') ready in 0 seconds on interpreter 0x55c8d305bad0 pid: 32692 (default app)
*** uWSGI is running in multiple interpreter mode ***
spawned uWSGI master process (pid: 32692)
spawned uWSGI worker 1 (pid: 32703, cores: 2)
spawned uWSGI worker 2 (pid: 32704, cores: 2)
spawned uWSGI worker 3 (pid: 32706, cores: 2)
spawned uWSGI worker 4 (pid: 32709, cores: 2)
invalid request block size: 21573 (max 4096)...skip
invalid request block size: 21573 (max 4096)...skip
SIGINT/SIGQUIT received...killing workers...
worker 1 buried after 1 seconds
worker 2 buried after 1 seconds
worker 3 buried after 1 seconds
worker 4 buried after 1 seconds
goodbye to uWSGI.
VACUUM: pidfile removed.
*** Starting uWSGI 2.0.17.1 (64bit) on [Mon Mar 16 19:57:40 2020] ***
compiled with version: 7.3.0 on 16 December 2018 11:36:53
os: Linux-4.15.0-72-generic #81-Ubuntu SMP Tue Nov 26 12:20:02 UTC 2019
nodename: dell-3576
machine: x86_64
clock source: unix
detected number of CPU cores: 8
current working directory: /media/xian/Work/myproject/flaskApp-ElementUI
writing pidfile to ./uwsgi.pid
detected binary path: /home/xian/.local/bin/uwsgi
!!! no internal routing support, rebuild with pcre support !!!
chdir() to /media/xian/Work/myproject/flaskApp-ElementUI/
your processes number limit is 30952
your memory page size is 4096 bytes
detected max file descriptor number: 1024
lock engine: pthread robust mutexes
thunder lock: disabled (you can enable it with --thunder-lock)
uWSGI http bound on :5000 fd 18
uwsgi socket 0 bound to TCP address 127.0.0.1:40353 (port auto-assigned) fd 17
Python version: 3.6.8 (default, Oct  7 2019, 12:59:55)  [GCC 8.3.0]
Python main interpreter initialized at 0x55f6acc590c0
python threads support enabled
your server socket listen backlog is limited to 100 connections
your mercy for graceful operations on workers is 60 seconds
mapped 416720 bytes (406 KB) for 8 cores
*** Operational MODE: preforking+threaded ***
WSGI app 0 (mountpoint='') ready in 0 seconds on interpreter 0x55f6acc590c0 pid: 2540 (default app)
*** uWSGI is running in multiple interpreter mode ***
spawned uWSGI master process (pid: 2540)
spawned uWSGI worker 1 (pid: 2542, cores: 2)
spawned uWSGI worker 2 (pid: 2543, cores: 2)
spawned uWSGI worker 3 (pid: 2545, cores: 2)
spawned uWSGI worker 4 (pid: 2547, cores: 2)
spawned uWSGI http 1 (pid: 2550)
ImmutableMultiDict([('action', 'findData'), ('timeStamp', '1584359905613')])
select * from model_list order by level ASC, sort ASC
ImmutableMultiDict([('action', 'findData'), ('timeStamp', '1584359905662')])
select * from model_list order by level ASC, sort ASC
ImmutableMultiDict([('action', 'findData'), ('whereStr', ''), ('sortStr', ''), ('prePageNum', '10'), ('currPage', '1')])
select * from model_list limit 10
ImmutableMultiDict([('action', 'findDataAll'), ('whereStr', ''), ('sortStr', ''), ('prePageNum', '5000'), ('currPage', '1')])
ImmutableMultiDict([('action', 'findData'), ('whereStr', 'level=2'), ('sortStr', 'id ASC'), ('prePageNum', '100000'), ('currPage', '1')])
select * from model_list where level=2 order by id ASC limit 100000
ImmutableMultiDict([('action', 'findData'), ('whereStr', ''), ('sortStr', ''), ('prePageNum', '10'), ('currPage', '1')])
select * from model_list limit 10
ImmutableMultiDict([('action', 'findDataAll'), ('whereStr', ''), ('sortStr', ''), ('prePageNum', '5000'), ('currPage', '1')])
ImmutableMultiDict([('action', 'findData'), ('whereStr', 'level=2'), ('sortStr', 'id ASC'), ('prePageNum', '100000'), ('currPage', '1')])
select * from model_list where level=2 order by id ASC limit 100000
ImmutableMultiDict([('action', 'findData'), ('whereStr', ''), ('sortStr', ''), ('prePageNum', '10'), ('currPage', '1')])
select * from model_list limit 10
ImmutableMultiDict([('action', 'findData'), ('whereStr', ''), ('sortStr', ''), ('prePageNum', '10'), ('currPage', '2')])
select * from model_list limit 10 offset 10
ImmutableMultiDict([('action', 'insertData'), ('dataArr', '[{"level":2,"position":"left","show":"true","id":110002,"parentId":110000,"name":"测试","sort":2,"href":"#/page/test_list"}]')])
insert into model_list(`level`, `position`, `show`, `id`, `parentId`, `name`, `sort`, `href`, `create_name`, `create_time`, `update_name`, `update_time`) values (2, 'left', 'true', 110002, 110000, '测试', 2, '#/page/test_list', 'admin', '2020-03-16 20:00:28', '', '')
insert into record_list(`username`, `dbName`, `action`, `content`, `os`, `px`, `ip`, `time`, `modelId`, `dbName_ch`) values ('admin', 'model_list', '增加', "dataArr=[{'level': 2, 'position': 'left', 'show': 'true', 'id': 110002, 'parentId': 110000, 'name': '测试', 'sort': 2, 'href': '#/page/test_list', 'create_name': 'admin', 'create_time': '2020-03-16 20:00:28', 'update_name': '', 'update_time': ''}]", 'Linux', '1476x830', '127.0.0.1', '2020-03-16 20:00:28', 100001, '模块列表')
ImmutableMultiDict([('action', 'findData'), ('whereStr', ''), ('sortStr', ''), ('prePageNum', '10'), ('currPage', '2')])
select * from model_list limit 10 offset 10
ImmutableMultiDict([('action', 'findDataAll'), ('whereStr', ''), ('sortStr', ''), ('prePageNum', '5000'), ('currPage', '1')])
ImmutableMultiDict([('action', 'findData'), ('whereStr', 'level=2'), ('sortStr', 'id ASC'), ('prePageNum', '100000'), ('currPage', '1')])
select * from model_list where level=2 order by id ASC limit 100000
ImmutableMultiDict([('action', 'findData'), ('whereStr', 'name="test_list"'), ('prePageNum', '1'), ('currPage', '1')])
select * from data_list where name="test_list" limit 1
ImmutableMultiDict([('action', 'insertData'), ('dataArr', '[{"id":110002,"name":"test_list","name_ch":"测试","field_ch":"ID","field_en":"id"}]')])
select modelId,field_en from data_list where modelId=110002 and field_en in("id") limit 1
创建数据表完成
insert into data_list(`name`, `name_ch`, `field_ch`, `field_en`, `data_type`, `field_width`, `field_sort`, `create_name`, `create_time`, `update_name`, `update_time`, `modelId`) values ('test_list', '测试', 'ID', 'id', 'int', 100, 1, 'admin', '2020-03-16 20:01:41', '', '', 110002)
插入list_data成功
insert into record_list(`username`, `dbName`, `action`, `content`, `os`, `px`, `ip`, `time`, `modelId`, `dbName_ch`) values ('admin', 'data_list', '增加', "dataArr=[{'name': 'test_list', 'name_ch': '测试', 'field_ch': 'ID', 'field_en': 'id', 'data_type': 'int', 'field_width': 100, 'field_sort': 1, 'create_name': 'admin', 'create_time': '2020-03-16 20:01:41', 'update_name': '', 'update_time': '', 'modelId': 110002}]", 'Linux', '1476x830', '127.0.0.1', '2020-03-16 20:01:41', 100002, '数据列表')
复制test_list.vue成功
复制test_list.py成功
写入routerUrl.js成功
写入urls.py成功
vue-cli-admin打包
./flaskApp/static/vue-cli-admin/build/build.js
internal/process/stdio.js:187
      throw new errors.Error('ERR_UNKNOWN_STREAM_TYPE');
      ^

Error [ERR_UNKNOWN_STREAM_TYPE]: Unknown stream file type
    at createWritableStdioStream (internal/process/stdio.js:187:13)
    at process.getStderr [as stderr] (internal/process/stdio.js:29:14)
    at console.js:249:54
    at NativeModule.compile (bootstrap_node.js:613:7)
    at Function.NativeModule.require (bootstrap_node.js:558:18)
    at setupGlobalConsole (bootstrap_node.js:327:41)
    at startup (bootstrap_node.js:80:7)
    at bootstrap_node.js:625:3

重启server
gateway "uWSGI http 1" has been buried (pid: 2550)
...gracefully killing workers...
Gracefully killing worker 3 (pid: 2545)...
Gracefully killing worker 1 (pid: 2542)...
Gracefully killing worker 2 (pid: 2543)...
Gracefully killing worker 4 (pid: 2547)...
worker 1 buried after 1 seconds
worker 2 buried after 1 seconds
worker 3 buried after 1 seconds
worker 4 buried after 1 seconds
binary reloading uWSGI...
chdir() to /media/xian/Work/myproject/flaskApp-ElementUI
closing all non-uwsgi socket fds > 2 (max_fd = 1024)...
found fd 17 mapped to socket 0 (127.0.0.1:40353)
running /home/xian/.local/bin/uwsgi
[uWSGI] getting INI configuration from ./uwsgi.ini
*** Starting uWSGI 2.0.17.1 (64bit) on [Mon Mar 16 20:01:43 2020] ***
compiled with version: 7.3.0 on 16 December 2018 11:36:53
os: Linux-4.15.0-72-generic #81-Ubuntu SMP Tue Nov 26 12:20:02 UTC 2019
nodename: dell-3576
machine: x86_64
clock source: unix
detected number of CPU cores: 8
current working directory: /media/xian/Work/myproject/flaskApp-ElementUI
detected binary path: /home/xian/.local/bin/uwsgi
!!! no internal routing support, rebuild with pcre support !!!
chdir() to /media/xian/Work/myproject/flaskApp-ElementUI/
your processes number limit is 30952
your memory page size is 4096 bytes
detected max file descriptor number: 1024
lock engine: pthread robust mutexes
thunder lock: disabled (you can enable it with --thunder-lock)
uWSGI http bound on :5000 fd 8
uwsgi socket 0 bound to TCP address 127.0.0.1:44717 (port auto-assigned) fd 7
Python version: 3.6.8 (default, Oct  7 2019, 12:59:55)  [GCC 8.3.0]
Python main interpreter initialized at 0x55af862e7cd0
python threads support enabled
your server socket listen backlog is limited to 100 connections
your mercy for graceful operations on workers is 60 seconds
mapped 416720 bytes (406 KB) for 8 cores
*** Operational MODE: preforking+threaded ***
WSGI app 0 (mountpoint='') ready in 0 seconds on interpreter 0x55af862e7cd0 pid: 2540 (default app)
*** uWSGI is running in multiple interpreter mode ***
gracefully (RE)spawned uWSGI master process (pid: 2540)
spawned uWSGI worker 1 (pid: 5351, cores: 2)
spawned uWSGI worker 2 (pid: 5352, cores: 2)
spawned uWSGI worker 3 (pid: 5354, cores: 2)
spawned uWSGI worker 4 (pid: 5356, cores: 2)
spawned uWSGI http 1 (pid: 5358)
ImmutableMultiDict([('action', 'findData'), ('timeStamp', '1584360107278')])
select * from model_list order by level ASC, sort ASC
ImmutableMultiDict([('action', 'findData'), ('timeStamp', '1584360107419')])
select * from model_list order by level ASC, sort ASC
ImmutableMultiDict([('action', 'findDataAll'), ('whereStr', ''), ('sortStr', ''), ('prePageNum', '5000'), ('currPage', '1')])
ImmutableMultiDict([('action', 'findData'), ('whereStr', 'level=2'), ('sortStr', 'id ASC'), ('prePageNum', '100000'), ('currPage', '1')])
select * from model_list where level=2 order by id ASC limit 100000
ImmutableMultiDict([('action', 'findData'), ('whereStr', ''), ('sortStr', ''), ('prePageNum', '10'), ('currPage', '1')])
select * from model_list limit 10
ImmutableMultiDict([('action', 'findDataAll'), ('whereStr', ''), ('sortStr', ''), ('prePageNum', '5000'), ('currPage', '1')])
ImmutableMultiDict([('action', 'findData'), ('whereStr', 'level=2'), ('sortStr', 'id ASC'), ('prePageNum', '100000'), ('currPage', '1')])
select * from model_list where level=2 order by id ASC limit 100000
gateway "uWSGI http 1" has been buried (pid: 5358)
...gracefully killing workers...
Gracefully killing worker 4 (pid: 5356)...
Gracefully killing worker 1 (pid: 5351)...
Gracefully killing worker 2 (pid: 5352)...
Gracefully killing worker 3 (pid: 5354)...
worker 1 buried after 1 seconds
worker 2 buried after 1 seconds
worker 3 buried after 1 seconds
worker 4 buried after 1 seconds
binary reloading uWSGI...
chdir() to /media/xian/Work/myproject/flaskApp-ElementUI
closing all non-uwsgi socket fds > 2 (max_fd = 1024)...
found fd 7 mapped to socket 0 (127.0.0.1:44717)
running /home/xian/.local/bin/uwsgi
[uWSGI] getting INI configuration from ./uwsgi.ini
*** Starting uWSGI 2.0.17.1 (64bit) on [Mon Mar 16 20:07:05 2020] ***
compiled with version: 7.3.0 on 16 December 2018 11:36:53
os: Linux-4.15.0-72-generic #81-Ubuntu SMP Tue Nov 26 12:20:02 UTC 2019
nodename: dell-3576
machine: x86_64
clock source: unix
detected number of CPU cores: 8
current working directory: /media/xian/Work/myproject/flaskApp-ElementUI
detected binary path: /home/xian/.local/bin/uwsgi
!!! no internal routing support, rebuild with pcre support !!!
chdir() to /media/xian/Work/myproject/flaskApp-ElementUI/
your processes number limit is 30952
your memory page size is 4096 bytes
detected max file descriptor number: 1024
lock engine: pthread robust mutexes
thunder lock: disabled (you can enable it with --thunder-lock)
uWSGI http bound on :5000 fd 9
uwsgi socket 0 bound to TCP address 127.0.0.1:40995 (port auto-assigned) fd 8
Python version: 3.6.8 (default, Oct  7 2019, 12:59:55)  [GCC 8.3.0]
Python main interpreter initialized at 0x561bf5e11cd0
python threads support enabled
your server socket listen backlog is limited to 100 connections
your mercy for graceful operations on workers is 60 seconds
mapped 416720 bytes (406 KB) for 8 cores
*** Operational MODE: preforking+threaded ***
WSGI app 0 (mountpoint='') ready in 0 seconds on interpreter 0x561bf5e11cd0 pid: 2540 (default app)
*** uWSGI is running in multiple interpreter mode ***
gracefully (RE)spawned uWSGI master process (pid: 2540)
spawned uWSGI worker 1 (pid: 8425, cores: 2)
spawned uWSGI worker 2 (pid: 8426, cores: 2)
spawned uWSGI worker 3 (pid: 8428, cores: 2)
spawned uWSGI worker 4 (pid: 8431, cores: 2)
spawned uWSGI http 1 (pid: 8432)
ImmutableMultiDict([('action', 'findData'), ('timeStamp', '1584360463496')])
ImmutableMultiDict([('action', 'findDataAll'), ('whereStr', ''), ('sortStr', ''), ('prePageNum', '5000'), ('currPage', '1')])
select * from model_list order by level ASC, sort ASC
ImmutableMultiDict([('action', 'findData'), ('timeStamp', '1584360463592')])
select * from model_list order by level ASC, sort ASC
ImmutableMultiDict([('action', 'findData'), ('whereStr', 'level=2'), ('sortStr', 'id ASC'), ('prePageNum', '100000'), ('currPage', '1')])
select * from model_list where level=2 order by id ASC limit 100000
ImmutableMultiDict([('action', 'findData'), ('whereStr', ''), ('sortStr', ''), ('prePageNum', '10'), ('currPage', '1')])
select * from model_list limit 10
ImmutableMultiDict([('action', 'findDataAll'), ('whereStr', ''), ('sortStr', ''), ('prePageNum', '5000'), ('currPage', '1')])
ImmutableMultiDict([('action', 'findData'), ('whereStr', 'level=2'), ('sortStr', 'id ASC'), ('prePageNum', '100000'), ('currPage', '1')])
select * from model_list where level=2 order by id ASC limit 100000
ImmutableMultiDict([('action', 'delData'), ('whereJson', '{"modelId":[110002]}')])
select name,field_en from data_list where modelId=110002 limit 1
删除数据表完成
delete from data_list where modelId in (110002)
insert into record_list(`username`, `dbName`, `action`, `content`, `os`, `px`, `ip`, `time`, `modelId`, `dbName_ch`) values ('admin', 'data_list', '删除', "whereJson={'modelId': [110002]}", 'Linux', '1476x830', '127.0.0.1', '2020-03-16 20:08:01', 100002, '数据列表')
删除test_list.vue成功
删除test_list.py成功
写入routerUrl.js成功
写入urls.py成功
vue-cli-admin打包
./flaskApp/static/vue-cli-admin/build/build.js
internal/process/stdio.js:187
      throw new errors.Error('ERR_UNKNOWN_STREAM_TYPE');
      ^

Error [ERR_UNKNOWN_STREAM_TYPE]: Unknown stream file type
    at createWritableStdioStream (internal/process/stdio.js:187:13)
    at process.getStdout [as stdout] (internal/process/stdio.js:14:14)
    at console.js:249:38
    at NativeModule.compile (bootstrap_node.js:613:7)
    at Function.NativeModule.require (bootstrap_node.js:558:18)
    at setupGlobalConsole (bootstrap_node.js:327:41)
    at startup (bootstrap_node.js:80:7)
    at bootstrap_node.js:625:3
256
重启server
gateway "uWSGI http 1" has been buried (pid: 8432)
...gracefully killing workers...
Gracefully killing worker 2 (pid: 8426)...
Gracefully killing worker 1 (pid: 8425)...
Gracefully killing worker 3 (pid: 8428)...
Gracefully killing worker 4 (pid: 8431)...
worker 1 buried after 1 seconds
worker 2 buried after 1 seconds
worker 3 buried after 1 seconds
worker 4 buried after 1 seconds
binary reloading uWSGI...
chdir() to /media/xian/Work/myproject/flaskApp-ElementUI
closing all non-uwsgi socket fds > 2 (max_fd = 1024)...
found fd 8 mapped to socket 0 (127.0.0.1:40995)
running /home/xian/.local/bin/uwsgi
[uWSGI] getting INI configuration from ./uwsgi.ini
*** Starting uWSGI 2.0.17.1 (64bit) on [Mon Mar 16 20:08:02 2020] ***
compiled with version: 7.3.0 on 16 December 2018 11:36:53
os: Linux-4.15.0-72-generic #81-Ubuntu SMP Tue Nov 26 12:20:02 UTC 2019
nodename: dell-3576
machine: x86_64
clock source: unix
detected number of CPU cores: 8
current working directory: /media/xian/Work/myproject/flaskApp-ElementUI
detected binary path: /home/xian/.local/bin/uwsgi
!!! no internal routing support, rebuild with pcre support !!!
chdir() to /media/xian/Work/myproject/flaskApp-ElementUI/
your processes number limit is 30952
your memory page size is 4096 bytes
detected max file descriptor number: 1024
lock engine: pthread robust mutexes
thunder lock: disabled (you can enable it with --thunder-lock)
uWSGI http bound on :5000 fd 9
uwsgi socket 0 bound to TCP address 127.0.0.1:45667 (port auto-assigned) fd 7
Python version: 3.6.8 (default, Oct  7 2019, 12:59:55)  [GCC 8.3.0]
Python main interpreter initialized at 0x562bed35ecd0
python threads support enabled
your server socket listen backlog is limited to 100 connections
your mercy for graceful operations on workers is 60 seconds
mapped 416720 bytes (406 KB) for 8 cores
*** Operational MODE: preforking+threaded ***
WSGI app 0 (mountpoint='') ready in 0 seconds on interpreter 0x562bed35ecd0 pid: 2540 (default app)
*** uWSGI is running in multiple interpreter mode ***
gracefully (RE)spawned uWSGI master process (pid: 2540)
spawned uWSGI worker 1 (pid: 9002, cores: 2)
spawned uWSGI worker 2 (pid: 9003, cores: 2)
spawned uWSGI worker 3 (pid: 9005, cores: 2)
spawned uWSGI worker 4 (pid: 9007, cores: 2)
spawned uWSGI http 1 (pid: 9010)
ImmutableMultiDict([('action', 'findData'), ('timeStamp', '1584360486462')])
select * from model_list order by level ASC, sort ASC
ImmutableMultiDict([('action', 'findDataAll'), ('whereStr', ''), ('sortStr', ''), ('prePageNum', '5000'), ('currPage', '1')])
ImmutableMultiDict([('action', 'findData'), ('timeStamp', '1584360486571')])
select * from model_list order by level ASC, sort ASC
ImmutableMultiDict([('action', 'findData'), ('whereStr', 'level=2'), ('sortStr', 'id ASC'), ('prePageNum', '100000'), ('currPage', '1')])
select * from model_list where level=2 order by id ASC limit 100000
ImmutableMultiDict([('action', 'findData'), ('timeStamp', '1584360637262')])
select * from model_list order by level ASC, sort ASC
ImmutableMultiDict([('action', 'findData'), ('timeStamp', '1584360637286')])
select * from model_list order by level ASC, sort ASC
ImmutableMultiDict([('action', 'findDataAll'), ('whereStr', ''), ('sortStr', ''), ('prePageNum', '5000'), ('currPage', '1')])
ImmutableMultiDict([('action', 'findData'), ('whereStr', 'level=2'), ('sortStr', 'id ASC'), ('prePageNum', '100000'), ('currPage', '1')])
select * from model_list where level=2 order by id ASC limit 100000
ImmutableMultiDict([('action', 'findData'), ('whereStr', ''), ('sortStr', ''), ('prePageNum', '10'), ('currPage', '1')])
select * from model_list limit 10
gateway "uWSGI http 1" has been buried (pid: 9010)
...gracefully killing workers...
Gracefully killing worker 3 (pid: 9005)...
Gracefully killing worker 4 (pid: 9007)...
Gracefully killing worker 1 (pid: 9002)...
Gracefully killing worker 2 (pid: 9003)...
worker 1 buried after 1 seconds
worker 2 buried after 1 seconds
worker 3 buried after 1 seconds
worker 4 buried after 1 seconds
binary reloading uWSGI...
chdir() to /media/xian/Work/myproject/flaskApp-ElementUI
closing all non-uwsgi socket fds > 2 (max_fd = 1024)...
found fd 7 mapped to socket 0 (127.0.0.1:45667)
running /home/xian/.local/bin/uwsgi
[uWSGI] getting INI configuration from ./uwsgi.ini
*** Starting uWSGI 2.0.17.1 (64bit) on [Mon Mar 16 20:12:43 2020] ***
compiled with version: 7.3.0 on 16 December 2018 11:36:53
os: Linux-4.15.0-72-generic #81-Ubuntu SMP Tue Nov 26 12:20:02 UTC 2019
nodename: dell-3576
machine: x86_64
clock source: unix
detected number of CPU cores: 8
current working directory: /media/xian/Work/myproject/flaskApp-ElementUI
detected binary path: /home/xian/.local/bin/uwsgi
!!! no internal routing support, rebuild with pcre support !!!
chdir() to /media/xian/Work/myproject/flaskApp-ElementUI/
your processes number limit is 30952
your memory page size is 4096 bytes
detected max file descriptor number: 1024
lock engine: pthread robust mutexes
thunder lock: disabled (you can enable it with --thunder-lock)
uWSGI http bound on :5000 fd 9
uwsgi socket 0 bound to TCP address 127.0.0.1:35591 (port auto-assigned) fd 8
Python version: 3.6.8 (default, Oct  7 2019, 12:59:55)  [GCC 8.3.0]
Python main interpreter initialized at 0x557d0c162cd0
python threads support enabled
your server socket listen backlog is limited to 100 connections
your mercy for graceful operations on workers is 60 seconds
mapped 416720 bytes (406 KB) for 8 cores
*** Operational MODE: preforking+threaded ***
WSGI app 0 (mountpoint='') ready in 0 seconds on interpreter 0x557d0c162cd0 pid: 2540 (default app)
*** uWSGI is running in multiple interpreter mode ***
gracefully (RE)spawned uWSGI master process (pid: 2540)
spawned uWSGI worker 1 (pid: 12020, cores: 2)
spawned uWSGI worker 2 (pid: 12021, cores: 2)
spawned uWSGI worker 3 (pid: 12023, cores: 2)
spawned uWSGI worker 4 (pid: 12025, cores: 2)
spawned uWSGI http 1 (pid: 12027)
ImmutableMultiDict([('action', 'findData'), ('timeStamp', '1584360765209')])
ImmutableMultiDict([('action', 'findData'), ('whereStr', ''), ('sortStr', ''), ('prePageNum', '10'), ('currPage', '1')])
select * from model_list order by level ASC, sort ASC
select * from model_list limit 10
ImmutableMultiDict([('action', 'findData'), ('timeStamp', '1584360765359')])
select * from model_list order by level ASC, sort ASC
ImmutableMultiDict([('action', 'findDataAll'), ('whereStr', ''), ('sortStr', ''), ('prePageNum', '5000'), ('currPage', '1')])
ImmutableMultiDict([('action', 'findData'), ('whereStr', 'level=2'), ('sortStr', 'id ASC'), ('prePageNum', '100000'), ('currPage', '1')])
select * from model_list where level=2 order by id ASC limit 100000
ImmutableMultiDict([('action', 'findData'), ('whereStr', 'name="test_list"'), ('prePageNum', '1'), ('currPage', '1')])
select * from data_list where name="test_list" limit 1
ImmutableMultiDict([('action', 'insertData'), ('dataArr', '[{"id":110002,"name":"test_list","name_ch":"测试","field_ch":"ID","field_en":"id"}]')])
select modelId,field_en from data_list where modelId=110002 and field_en in("id") limit 1
创建数据表完成
insert into data_list(`name`, `name_ch`, `field_ch`, `field_en`, `data_type`, `field_width`, `field_sort`, `create_name`, `create_time`, `update_name`, `update_time`, `modelId`) values ('test_list', '测试', 'ID', 'id', 'int', 100, 1, 'admin', '2020-03-16 20:14:04', '', '', 110002)
插入list_data成功
insert into record_list(`username`, `dbName`, `action`, `content`, `os`, `px`, `ip`, `time`, `modelId`, `dbName_ch`) values ('admin', 'data_list', '增加', "dataArr=[{'name': 'test_list', 'name_ch': '测试', 'field_ch': 'ID', 'field_en': 'id', 'data_type': 'int', 'field_width': 100, 'field_sort': 1, 'create_name': 'admin', 'create_time': '2020-03-16 20:14:04', 'update_name': '', 'update_time': '', 'modelId': 110002}]", 'Linux', '1476x830', '127.0.0.1', '2020-03-16 20:14:05', 100002, '数据列表')
复制test_list.vue成功
复制test_list.py成功
写入routerUrl.js成功
写入urls.py成功
vue-cli-admin打包
./flaskApp/static/vue-cli-admin/build/build.js
  % Total    % Received % Xferd  Average Speed   Time    Time     Time  Current
                                 Dload  Upload   Total   Spent    Left  Speed
  0     0    0     0    0     0      0      0 --:--:-- --:--:-- --:--:--     0curl: (7) Failed to connect to localhost port 4040重启server
gateway "uWSGI http 1" has been buried (pid: 12027)
...gracefully killing workers...
Gracefully killing worker 1 (pid: 12020)...
Gracefully killing worker 3 (pid: 12023)...
Gracefully killing worker 2 (pid: 12021)...
Gracefully killing worker 4 (pid: 12025)...
worker 1 buried after 1 seconds
worker 2 buried after 1 seconds
worker 3 buried after 1 seconds
worker 4 buried after 1 seconds
binary reloading uWSGI...
chdir() to /media/xian/Work/myproject/flaskApp-ElementUI
closing all non-uwsgi socket fds > 2 (max_fd = 1024)...
found fd 8 mapped to socket 0 (127.0.0.1:35591)
running /home/xian/.local/bin/uwsgi
[uWSGI] getting INI configuration from ./uwsgi.ini
*** Starting uWSGI 2.0.17.1 (64bit) on [Mon Mar 16 20:14:06 2020] ***
compiled with version: 7.3.0 on 16 December 2018 11:36:53
os: Linux-4.15.0-72-generic #81-Ubuntu SMP Tue Nov 26 12:20:02 UTC 2019
nodename: dell-3576
machine: x86_64
clock source: unix
detected number of CPU cores: 8
current working directory: /media/xian/Work/myproject/flaskApp-ElementUI
detected binary path: /home/xian/.local/bin/uwsgi
!!! no internal routing support, rebuild with pcre support !!!
chdir() to /media/xian/Work/myproject/flaskApp-ElementUI/
your processes number limit is 30952
your memory page size is 4096 bytes
detected max file descriptor number: 1024
lock engine: pthread robust mutexes
thunder lock: disabled (you can enable it with --thunder-lock)
uWSGI http bound on :5000 fd 9
uwsgi socket 0 bound to TCP address 127.0.0.1:43699 (port auto-assigned) fd 7
Python version: 3.6.8 (default, Oct  7 2019, 12:59:55)  [GCC 8.3.0]
Python main interpreter initialized at 0x5618675e1cd0
python threads support enabled
your server socket listen backlog is limited to 100 connections
your mercy for graceful operations on workers is 60 seconds
mapped 416720 bytes (406 KB) for 8 cores
*** Operational MODE: preforking+threaded ***
WSGI app 0 (mountpoint='') ready in 0 seconds on interpreter 0x5618675e1cd0 pid: 2540 (default app)
*** uWSGI is running in multiple interpreter mode ***
gracefully (RE)spawned uWSGI master process (pid: 2540)
spawned uWSGI worker 1 (pid: 12960, cores: 2)
spawned uWSGI worker 2 (pid: 12961, cores: 2)
spawned uWSGI worker 3 (pid: 12963, cores: 2)
spawned uWSGI worker 4 (pid: 12965, cores: 2)
spawned uWSGI http 1 (pid: 12967)
ImmutableMultiDict([('action', 'findData'), ('timeStamp', '1584360850341')])
ImmutableMultiDict([('action', 'findDataAll'), ('whereStr', ''), ('sortStr', ''), ('prePageNum', '5000'), ('currPage', '1')])
select * from model_list order by level ASC, sort ASC
ImmutableMultiDict([('action', 'findData'), ('timeStamp', '1584360850435')])
ImmutableMultiDict([('action', 'findData'), ('whereStr', 'level=2'), ('sortStr', 'id ASC'), ('prePageNum', '100000'), ('currPage', '1')])
select * from model_list order by level ASC, sort ASC
select * from model_list where level=2 order by id ASC limit 100000
ImmutableMultiDict([('action', 'findData'), ('whereStr', 'modelId=110002'), ('sortStr', ''), ('prePageNum', '10'), ('currPage', '1')])
select * from data_list where modelId=110002 limit 10
ImmutableMultiDict([('action', 'insertData'), ('dataArr', '[{"data_type":"text","field_ch":"信息","field_en":"msg","field_width":100,"field_sort":2,"id":110002,"name":"test_list","name_ch":"测试"}]')])
select modelId,field_en from data_list where modelId=110002 and field_en in("msg") limit 1
alter table `test_list` add msg VARCHAR(100) not null
插入列完成
insert into data_list(`data_type`, `field_ch`, `field_en`, `field_width`, `field_sort`, `name`, `name_ch`, `create_name`, `create_time`, `update_name`, `update_time`, `modelId`) values ('text', '信息', 'msg', 100, 2, 'test_list', '测试', 'admin', '2020-03-16 20:19:09', '', '', 110002)
插入list_data成功
insert into record_list(`username`, `dbName`, `action`, `content`, `os`, `px`, `ip`, `time`, `modelId`, `dbName_ch`) values ('admin', 'data_list', '增加', "dataArr=[{'data_type': 'text', 'field_ch': '信息', 'field_en': 'msg', 'field_width': 100, 'field_sort': 2, 'name': 'test_list', 'name_ch': '测试', 'create_name': 'admin', 'create_time': '2020-03-16 20:19:09', 'update_name': '', 'update_time': '', 'modelId': 110002}]", 'Linux', '1476x830', '127.0.0.1', '2020-03-16 20:19:09', 100002, '数据列表')
ImmutableMultiDict([('action', 'findData'), ('whereStr', 'modelId=110002'), ('sortStr', ''), ('prePageNum', '10'), ('currPage', '1')])
select * from data_list where modelId=110002 limit 10
ImmutableMultiDict([('action', 'delData'), ('whereJson', '{"id":[88]}')])
select name,field_en from data_list where id=88 limit 1
alter table `test_list` drop msg
delete from data_list where id in (88)
insert into record_list(`username`, `dbName`, `action`, `content`, `os`, `px`, `ip`, `time`, `modelId`, `dbName_ch`) values ('admin', 'data_list', '删除', "whereJson={'id': [88]}", 'Linux', '1476x830', '127.0.0.1', '2020-03-16 20:21:09', 100002, '数据列表')
ImmutableMultiDict([('action', 'findData'), ('whereStr', 'modelId=110002'), ('sortStr', ''), ('prePageNum', '10'), ('currPage', '1')])
select * from data_list where modelId=110002 limit 10
ImmutableMultiDict([('action', 'findData'), ('whereStr', ''), ('sortStr', ''), ('prePageNum', '10'), ('currPage', '1')])
select * from model_list limit 10
ImmutableMultiDict([('action', 'findDataAll'), ('whereStr', ''), ('sortStr', ''), ('prePageNum', '5000'), ('currPage', '1')])
ImmutableMultiDict([('action', 'findData'), ('whereStr', 'level=2'), ('sortStr', 'id ASC'), ('prePageNum', '100000'), ('currPage', '1')])
select * from model_list where level=2 order by id ASC limit 100000
ImmutableMultiDict([('action', 'delData'), ('whereJson', '{"modelId":[110002]}')])
select name,field_en from data_list where modelId=110002 limit 1
删除数据表完成
delete from data_list where modelId in (110002)
insert into record_list(`username`, `dbName`, `action`, `content`, `os`, `px`, `ip`, `time`, `modelId`, `dbName_ch`) values ('admin', 'data_list', '删除', "whereJson={'modelId': [110002]}", 'Linux', '1476x830', '127.0.0.1', '2020-03-16 20:22:27', 100002, '数据列表')
删除test_list.vue成功
删除test_list.py成功
写入routerUrl.js成功
写入urls.py成功
vue-cli-admin打包
./flaskApp/static/vue-cli-admin/build/build.js
  % Total    % Received % Xferd  Average Speed   Time    Time     Time  Current
                                 Dload  Upload   Total   Spent    Left  Speed
  0     0    0     0    0     0      0      0 --:--:-- --:--:-- --:--:--     0curl: (7) Failed to connect to localhost port 4040: 拒绝连接
重启server
gateway "uWSGI http 1" has been buried (pid: 12967)
...gracefully killing workers...
Gracefully killing worker 1 (pid: 12960)...
Gracefully killing worker 2 (pid: 12961)...
Gracefully killing worker 4 (pid: 12965)...
Gracefully killing worker 3 (pid: 12963)...
worker 1 buried after 1 seconds
worker 2 buried after 1 seconds
worker 3 buried after 1 seconds
worker 4 buried after 1 seconds
binary reloading uWSGI...
chdir() to /media/xian/Work/myproject/flaskApp-ElementUI
closing all non-uwsgi socket fds > 2 (max_fd = 1024)...
found fd 7 mapped to socket 0 (127.0.0.1:43699)
running /home/xian/.local/bin/uwsgi
[uWSGI] getting INI configuration from ./uwsgi.ini
*** Starting uWSGI 2.0.17.1 (64bit) on [Mon Mar 16 20:22:28 2020] ***
compiled with version: 7.3.0 on 16 December 2018 11:36:53
os: Linux-4.15.0-72-generic #81-Ubuntu SMP Tue Nov 26 12:20:02 UTC 2019
nodename: dell-3576
machine: x86_64
clock source: unix
detected number of CPU cores: 8
current working directory: /media/xian/Work/myproject/flaskApp-ElementUI
detected binary path: /home/xian/.local/bin/uwsgi
!!! no internal routing support, rebuild with pcre support !!!
chdir() to /media/xian/Work/myproject/flaskApp-ElementUI/
your processes number limit is 30952
your memory page size is 4096 bytes
detected max file descriptor number: 1024
lock engine: pthread robust mutexes
thunder lock: disabled (you can enable it with --thunder-lock)
uWSGI http bound on :5000 fd 9
uwsgi socket 0 bound to TCP address 127.0.0.1:33923 (port auto-assigned) fd 8
Python version: 3.6.8 (default, Oct  7 2019, 12:59:55)  [GCC 8.3.0]
Python main interpreter initialized at 0x55832ac9ecd0
python threads support enabled
your server socket listen backlog is limited to 100 connections
your mercy for graceful operations on workers is 60 seconds
mapped 416720 bytes (406 KB) for 8 cores
*** Operational MODE: preforking+threaded ***
WSGI app 0 (mountpoint='') ready in 1 seconds on interpreter 0x55832ac9ecd0 pid: 2540 (default app)
*** uWSGI is running in multiple interpreter mode ***
gracefully (RE)spawned uWSGI master process (pid: 2540)
spawned uWSGI worker 1 (pid: 17782, cores: 2)
spawned uWSGI worker 2 (pid: 17783, cores: 2)
spawned uWSGI worker 3 (pid: 17785, cores: 2)
spawned uWSGI worker 4 (pid: 17787, cores: 2)
spawned uWSGI http 1 (pid: 17789)
ImmutableMultiDict([('action', 'findData'), ('timeStamp', '1584361352933')])
ImmutableMultiDict([('action', 'findDataAll'), ('whereStr', ''), ('sortStr', ''), ('prePageNum', '5000'), ('currPage', '1')])
select * from model_list order by level ASC, sort ASC
ImmutableMultiDict([('action', 'findData'), ('timeStamp', '1584361353027')])
select * from model_list order by level ASC, sort ASC
ImmutableMultiDict([('action', 'findData'), ('whereStr', 'level=2'), ('sortStr', 'id ASC'), ('prePageNum', '100000'), ('currPage', '1')])
select * from model_list where level=2 order by id ASC limit 100000
ImmutableMultiDict([('action', 'findData'), ('whereStr', ''), ('sortStr', ''), ('prePageNum', '10'), ('currPage', '1')])
select * from model_list limit 10
ImmutableMultiDict([('action', 'findDataAll'), ('whereStr', ''), ('sortStr', ''), ('prePageNum', '5000'), ('currPage', '1')])
ImmutableMultiDict([('action', 'findData'), ('whereStr', 'level=2'), ('sortStr', 'id ASC'), ('prePageNum', '100000'), ('currPage', '1')])
select * from model_list where level=2 order by id ASC limit 100000
ImmutableMultiDict([('action', 'findData'), ('timeStamp', '1584361415035')])
select * from model_list order by level ASC, sort ASC
ImmutableMultiDict([('action', 'findData'), ('timeStamp', '1584361415058')])
select * from model_list order by level ASC, sort ASC
ImmutableMultiDict([('action', 'findDataAll'), ('whereStr', ''), ('sortStr', ''), ('prePageNum', '5000'), ('currPage', '1')])
ImmutableMultiDict([('action', 'findData'), ('whereStr', 'level=2'), ('sortStr', 'id ASC'), ('prePageNum', '100000'), ('currPage', '1')])
select * from model_list where level=2 order by id ASC limit 100000
SIGINT/SIGQUIT received...killing workers...
gateway "uWSGI http 1" has been buried (pid: 17789)
worker 1 buried after 1 seconds
worker 2 buried after 1 seconds
worker 3 buried after 1 seconds
worker 4 buried after 1 seconds
goodbye to uWSGI.
VACUUM: pidfile removed.
