Listening on port 3000
[0mGET / [36m304 [0m15.252 ms - -[0m
[0mGET /js/layui/css/layui.css [36m304 [0m6.386 ms - -[0m
[0mGET /css/style.css [36m304 [0m6.617 ms - -[0m
[0mGET /image/logo_pc.png [36m304 [0m6.982 ms - -[0m
[0mGET /image/logo_mobel.png [36m304 [0m8.463 ms - -[0m
[0mGET /index.html [32m200 [0m8.695 ms - 12812[0m
[0mGET /js/director/director.js [36m304 [0m2.878 ms - -[0m
[0mGET /js/layui/layui.js [36m304 [0m3.138 ms - -[0m
[0mGET /js/router/routerUrl.js [36m304 [0m3.257 ms - -[0m
[0mGET /js/layui/font/iconfont.woff?v=220 [36m304 [0m2.512 ms - -[0m
[0mGET /js/layui/lay/modules/element.js [36m304 [0m1.309 ms - -[0m
[0mGET /js/layui/lay/modules/jquery.js [36m304 [0m1.795 ms - -[0m
[0mGET /js/layui/lay/modules/laytpl.js [36m304 [0m1.205 ms - -[0m
[0mGET /js/layui/css/layui.css [36m304 [0m1.098 ms - -[0m
[0mGET /css/style.css [36m304 [0m0.866 ms - -[0m
[0mGET /js/director/director.js [36m304 [0m1.212 ms - -[0m
[0mGET /js/layui/layui.js [36m304 [0m6.622 ms - -[0m
[0mGET /js/router/routerUrl.js [36m304 [0m6.041 ms - -[0m
[0mGET /image/logo_pc.png [36m304 [0m5.163 ms - -[0m
[0mGET /image/logo_mobel.png [36m304 [0m4.613 ms - -[0m
[0mGET /js/layui/font/iconfont.woff?v=220 [36m304 [0m0.740 ms - -[0m
[0mGET /js/layui/lay/modules/element.js [36m304 [0m0.793 ms - -[0m
[0mGET /js/layui/lay/modules/jquery.js [36m304 [0m0.536 ms - -[0m
[0mGET /js/layui/lay/modules/laytpl.js [36m304 [0m2.013 ms - -[0m
[0mGET /js/router/directorRouter.js [36m304 [0m0.499 ms - -[0m
[0mGET /js/modeljs/dataDB.js [36m304 [0m0.582 ms - -[0m
[0mGET /nodejs/menu?action=findData&timeStamp=1520173795350 [32m200 [0m5.085 ms - 30[0m
[0mGET /login.html [36m304 [0m0.676 ms - -[0m
[0mGET /js/layui/css/layui.css [36m304 [0m2.750 ms - -[0m
[0mGET /css/login.css [36m304 [0m3.946 ms - -[0m
[0mGET /js/layui/layui.js [36m304 [0m3.774 ms - -[0m
[0mGET /js/layui/lay/modules/layer.js [36m304 [0m2.273 ms - -[0m
[0mGET /image/login-bg-8.jpg [36m304 [0m2.549 ms - -[0m
[0mGET /js/layui/font/iconfont.woff?v=220 [36m304 [0m0.586 ms - -[0m
[0mGET /js/layui/css/modules/layer/default/layer.css?v=3.1.0 [36m304 [0m1.522 ms - -[0m
[0mGET /js/layui/lay/modules/jquery.js [36m304 [0m1.795 ms - -[0m
[0mGET /js/layui/lay/modules/form.js [36m304 [0m2.270 ms - -[0m
{ action: 'loginIn',
  searchJson: '{"username":"yuxian","password":"bnm123"}',
  osJson: '{"os":"windows","px":"1366x768"}' }
yuxianç™»å½•æˆåŠŸ
[0mPOST /nodejs/login [32m200 [0m133.071 ms - 12[0m
[0mGET / [36m304 [0m18.719 ms - -[0m
æ“ä½œè®°å½•æˆåŠŸaction=loginIn
[0mGET /js/layui/css/layui.css [36m304 [0m6.090 ms - -[0m
[0mGET /css/style.css [36m304 [0m6.458 ms - -[0m
[0mGET /js/director/director.js [36m304 [0m7.273 ms - -[0m
[0mGET /js/layui/layui.js [36m304 [0m6.987 ms - -[0m
[0mGET /js/router/routerUrl.js [36m304 [0m6.269 ms - -[0m
[0mGET /image/logo_pc.png [36m304 [0m4.633 ms - -[0m
[0mGET /image/logo_mobel.png [36m304 [0m3.554 ms - -[0m
[0mGET /js/layui/lay/modules/element.js [36m304 [0m8.650 ms - -[0m
[0mGET /js/layui/font/iconfont.woff?v=220 [36m304 [0m1.855 ms - -[0m
[0mGET /js/layui/lay/modules/jquery.js [36m304 [0m0.972 ms - -[0m
[0mGET /js/layui/lay/modules/laytpl.js [36m304 [0m0.712 ms - -[0m
[0mGET /js/router/directorRouter.js [36m304 [0m0.734 ms - -[0m
[0mGET /js/modeljs/dataDB.js [36m304 [0m0.552 ms - -[0m
{ action: 'findData', timeStamp: '1520173799701' }
æŸ¥è¯¢äº†11æ¡æ•°æ®ï¼Œå…±11æ¡æ•°æ®
[0mGET /nodejs/menu?action=findData&timeStamp=1520173799701 [32m200 [0m26.610 ms - 3299[0m
[0mGET /page/modelList.html [36m304 [0m1.800 ms - -[0m
[0mGET /js/layui/lay/modules/laydate.js [36m304 [0m2.146 ms - -[0m
[0mGET /js/layui/css/modules/laydate/default/laydate.css?v=5.0.9 [36m304 [0m1.847 ms - -[0m
[0mGET /js/layui/lay/modules/laypage.js [36m304 [0m2.626 ms - -[0m
[0mGET /js/layui/lay/modules/layer.js [36m304 [0m1.313 ms - -[0m
[0mGET /js/layui/css/modules/layer/default/layer.css?v=3.1.0 [36m304 [0m1.316 ms - -[0m
[0mGET /js/layui/lay/modules/table.js [36m304 [0m1.217 ms - -[0m
[0mGET /js/layui/lay/modules/form.js [36m304 [0m1.761 ms - -[0m
[0mGET /js/layui/lay/modules/upload.js [36m304 [0m1.125 ms - -[0m
[0mGET /js/modeljs/formVerify.js [36m304 [0m0.679 ms - -[0m
{ action: 'findData',
  searchJson: '',
  prePageNum: '1',
  currPage: '1' }
æŸ¥è¯¢äº†1æ¡æ•°æ®ï¼Œå…±11æ¡æ•°æ®
[0mGET /nodejs/modelList?action=findData&searchJson=&prePageNum=1&currPage=1 [36m304 [0m31.236 ms - -[0m
{ currPage: '1', prePageNum: '10', action: 'findData' }
æŸ¥è¯¢äº†10æ¡æ•°æ®ï¼Œå…±11æ¡æ•°æ®
[0mGET /nodejs/modelList?currPage=1&prePageNum=10&action=findData [36m304 [0m34.575 ms - -[0m
[0mGET /page/dataList.html [36m304 [0m2.399 ms - -[0m
{ action: 'findDataAll',
  searchJson: '',
  prePageNum: '1',
  currPage: '1' }
æŸ¥è¯¢äº†1æ¡æ•°æ®ï¼Œå…±55æ¡æ•°æ®
[0mGET /nodejs/dataList?action=findDataAll&searchJson=&prePageNum=1&currPage=1 [32m200 [0m65.042 ms - 4498[0m
{ currPage: '1', prePageNum: '5000', action: 'findDataAll' }
æŸ¥è¯¢äº†55æ¡æ•°æ®ï¼Œå…±55æ¡æ•°æ®
[0mGET /nodejs/dataList?currPage=1&prePageNum=5000&action=findDataAll [32m200 [0m40.295 ms - 4501[0m
[0mGET /page/recordList.html [36m304 [0m2.686 ms - -[0m
{ action: 'findData',
  searchJson: '',
  prePageNum: '1',
  currPage: '1' }
æŸ¥è¯¢äº†1æ¡æ•°æ®ï¼Œå…±155æ¡æ•°æ®
[0mGET /nodejs/recordList?action=findData&searchJson=&prePageNum=1&currPage=1 [32m200 [0m41.699 ms - 684[0m
{ currPage: '1', prePageNum: '10', action: 'findData' }
æŸ¥è¯¢äº†10æ¡æ•°æ®ï¼Œå…±155æ¡æ•°æ®
[0mGET /nodejs/recordList?currPage=1&prePageNum=10&action=findData [32m200 [0m30.420 ms - 3781[0m
[0mGET /page/testList.html [36m304 [0m1.466 ms - -[0m
{ action: 'findData',
  searchJson: '',
  prePageNum: '1',
  currPage: '1' }
æŸ¥è¯¢äº†1æ¡æ•°æ®ï¼Œå…±1æ¡æ•°æ®
[0mGET /nodejs/testList?action=findData&searchJson=&prePageNum=1&currPage=1 [32m200 [0m35.142 ms - 431[0m
{ currPage: '1', prePageNum: '10', action: 'findData' }
æŸ¥è¯¢äº†1æ¡æ•°æ®ï¼Œå…±1æ¡æ•°æ®
[0mGET /nodejs/testList?currPage=1&prePageNum=10&action=findData [36m304 [0m33.647 ms - -[0m
[0mGET /page/recordList.html [36m304 [0m7.059 ms - -[0m
{ action: 'findData',
  searchJson: '',
  prePageNum: '1',
  currPage: '1' }
æŸ¥è¯¢äº†1æ¡æ•°æ®ï¼Œå…±155æ¡æ•°æ®
[0mGET /nodejs/recordList?action=findData&searchJson=&prePageNum=1&currPage=1 [36m304 [0m23.234 ms - -[0m
{ currPage: '1', prePageNum: '10', action: 'findData' }
æŸ¥è¯¢äº†10æ¡æ•°æ®ï¼Œå…±155æ¡æ•°æ®
[0mGET /nodejs/recordList?currPage=1&prePageNum=10&action=findData [36m304 [0m34.613 ms - -[0m
[0mGET /page/modelList.html [36m304 [0m2.166 ms - -[0m
[0mGET /nodejs/modelList?action=findData&searchJson=&prePageNum=1&currPage=1 [32m200 [0m1.343 ms - 30[0m
{ action: 'loginOut' }
TypeError: Cannot read property 'username' of undefined
    at loginOut (E:\nodeApp\routes\login.js:129:41)
    at E:\nodeApp\routes\login.js:30:9
    at Layer.handle [as handle_request] (E:\nodeApp\node_modules\express\lib\router\layer.js:95:5)
    at next (E:\nodeApp\node_modules\express\lib\router\route.js:137:13)
    at Route.dispatch (E:\nodeApp\node_modules\express\lib\router\route.js:112:3)
    at Layer.handle [as handle_request] (E:\nodeApp\node_modules\express\lib\router\layer.js:95:5)
    at E:\nodeApp\node_modules\express\lib\router\index.js:281:22
    at Function.process_params (E:\nodeApp\node_modules\express\lib\router\index.js:335:12)
    at next (E:\nodeApp\node_modules\express\lib\router\index.js:275:10)
    at Function.handle (E:\nodeApp\node_modules\express\lib\router\index.js:174:3)
sendFile: E:\nodeApp\public\error.html
[0mPOST /nodejs/login [31m500 [0m22.652 ms - 216[0m
[0mGET /login.html [36m304 [0m1.063 ms - -[0m
[0mGET /js/layui/css/layui.css [36m304 [0m1.452 ms - -[0m
[0mGET /css/login.css [36m304 [0m1.400 ms - -[0m
[0mGET /js/layui/layui.js [36m304 [0m1.555 ms - -[0m
[0mGET /js/layui/lay/modules/layer.js [36m304 [0m0.960 ms - -[0m
[0mGET /image/login-bg-8.jpg [36m304 [0m3.801 ms - -[0m
[0mGET /js/layui/font/iconfont.woff?v=220 [36m304 [0m2.135 ms - -[0m
[0mGET /js/layui/css/modules/layer/default/layer.css?v=3.1.0 [36m304 [0m1.307 ms - -[0m
[0mGET /js/layui/lay/modules/jquery.js [36m304 [0m1.448 ms - -[0m
[0mGET /js/layui/lay/modules/form.js [36m304 [0m0.979 ms - -[0m
{ action: 'loginIn',
  searchJson: '{"username":"yuxian","password":"bnm123"}',
  osJson: '{"os":"windows","px":"1366x768"}' }
yuxianç™»å½•æˆåŠŸ
[0mPOST /nodejs/login [32m200 [0m26.889 ms - 12[0m
æ“ä½œè®°å½•æˆåŠŸaction=loginIn
[0mGET / [36m304 [0m1.870 ms - -[0m
[0mGET /js/layui/css/layui.css [36m304 [0m1.447 ms - -[0m
[0mGET /css/style.css [36m304 [0m1.346 ms - -[0m
[0mGET /js/director/director.js [36m304 [0m1.354 ms - -[0m
[0mGET /js/layui/layui.js [36m304 [0m2.026 ms - -[0m
[0mGET /js/router/routerUrl.js [36m304 [0m2.167 ms - -[0m
[0mGET /image/logo_pc.png [36m304 [0m4.534 ms - -[0m
[0mGET /image/logo_mobel.png [36m304 [0m4.779 ms - -[0m
[0mGET /js/layui/lay/modules/element.js [36m304 [0m2.130 ms - -[0m
[0mGET /js/layui/font/iconfont.woff?v=220 [36m304 [0m1.747 ms - -[0m
[0mGET /js/layui/lay/modules/jquery.js [36m304 [0m0.854 ms - -[0m
[0mGET /js/layui/lay/modules/laytpl.js [36m304 [0m0.950 ms - -[0m
[0mGET /js/router/directorRouter.js [36m304 [0m0.900 ms - -[0m
[0mGET /js/modeljs/dataDB.js [36m304 [0m0.784 ms - -[0m
{ action: 'findData', timeStamp: '1520308336244' }
æŸ¥è¯¢äº†11æ¡æ•°æ®ï¼Œå…±11æ¡æ•°æ®
[0mGET /nodejs/menu?action=findData&timeStamp=1520308336244 [32m200 [0m8.348 ms - 3299[0m
[0mGET /page/modelList.html [36m304 [0m0.639 ms - -[0m
[0mGET /js/layui/lay/modules/laydate.js [36m304 [0m0.762 ms - -[0m
[0mGET /js/layui/css/modules/laydate/default/laydate.css?v=5.0.9 [36m304 [0m5.257 ms - -[0m
[0mGET /js/layui/lay/modules/laypage.js [36m304 [0m4.576 ms - -[0m
[0mGET /js/layui/lay/modules/layer.js [36m304 [0m0.575 ms - -[0m
[0mGET /js/layui/css/modules/layer/default/layer.css?v=3.1.0 [36m304 [0m2.468 ms - -[0m
[0mGET /js/layui/lay/modules/table.js [36m304 [0m2.444 ms - -[0m
[0mGET /js/layui/lay/modules/form.js [36m304 [0m0.711 ms - -[0m
[0mGET /js/layui/lay/modules/upload.js [36m304 [0m0.709 ms - -[0m
[0mGET /js/modeljs/formVerify.js [36m304 [0m0.729 ms - -[0m
{ action: 'findData',
  searchJson: '',
  prePageNum: '1',
  currPage: '1' }
æŸ¥è¯¢äº†1æ¡æ•°æ®ï¼Œå…±11æ¡æ•°æ®
[0mGET /nodejs/modelList?action=findData&searchJson=&prePageNum=1&currPage=1 [32m200 [0m20.624 ms - 704[0m
{ currPage: '1', prePageNum: '10', action: 'findData' }
æŸ¥è¯¢äº†10æ¡æ•°æ®ï¼Œå…±11æ¡æ•°æ®
[0mGET /nodejs/modelList?currPage=1&prePageNum=10&action=findData [36m304 [0m34.462 ms - -[0m
[0mGET /page/dataList.html [36m304 [0m0.974 ms - -[0m
{ action: 'findDataAll',
  searchJson: '',
  prePageNum: '1',
  currPage: '1' }
æŸ¥è¯¢äº†1æ¡æ•°æ®ï¼Œå…±55æ¡æ•°æ®
[0mGET /nodejs/dataList?action=findDataAll&searchJson=&prePageNum=1&currPage=1 [36m304 [0m36.189 ms - -[0m
{ currPage: '1', prePageNum: '5000', action: 'findDataAll' }
æŸ¥è¯¢äº†55æ¡æ•°æ®ï¼Œå…±55æ¡æ•°æ®
[0mGET /nodejs/dataList?currPage=1&prePageNum=5000&action=findDataAll [36m304 [0m39.222 ms - -[0m
[0mGET /page/modelListFn.html [36m304 [0m0.666 ms - -[0m
{ action: 'findData',
  searchJson: '',
  prePageNum: '1',
  currPage: '1' }
æŸ¥è¯¢äº†1æ¡æ•°æ®ï¼Œå…±30æ¡æ•°æ®
[0mGET /nodejs/modelListFn?action=findData&searchJson=&prePageNum=1&currPage=1 [32m200 [0m29.954 ms - 538[0m
{ currPage: '1', prePageNum: '10', action: 'findData' }
æŸ¥è¯¢äº†10æ¡æ•°æ®ï¼Œå…±30æ¡æ•°æ®
[0mGET /nodejs/modelListFn?currPage=1&prePageNum=10&action=findData [36m304 [0m29.568 ms - -[0m
[0mGET /js/layui/css/layui.css [36m304 [0m5.020 ms - -[0m
[0mGET /css/style.css [36m304 [0m4.517 ms - -[0m
[0mGET /js/layui/css/modules/laydate/default/laydate.css?v=5.0.9 [36m304 [0m4.256 ms - -[0m
[0mGET /js/layui/css/modules/layer/default/layer.css?v=3.1.0 [36m304 [0m4.049 ms - -[0m
[0mGET /js/layui/css/modules/layer/default/loading-2.gif [36m304 [0m7.027 ms - -[0m
{ currPage: '2', prePageNum: '10', action: 'findData' }
æŸ¥è¯¢äº†10æ¡æ•°æ®ï¼Œå…±30æ¡æ•°æ®
[0mGET /nodejs/modelListFn?currPage=2&prePageNum=10&action=findData [32m200 [0m54.183 ms - 2358[0m
[0mGET /page/recordList.html [36m304 [0m2.718 ms - -[0m
{ action: 'findData',
  searchJson: '',
  prePageNum: '1',
  currPage: '1' }
æŸ¥è¯¢äº†1æ¡æ•°æ®ï¼Œå…±156æ¡æ•°æ®
[0mGET /nodejs/recordList?action=findData&searchJson=&prePageNum=1&currPage=1 [32m200 [0m42.248 ms - 684[0m
{ currPage: '1', prePageNum: '10', action: 'findData' }
æŸ¥è¯¢äº†10æ¡æ•°æ®ï¼Œå…±156æ¡æ•°æ®
[0mGET /nodejs/recordList?currPage=1&prePageNum=10&action=findData [32m200 [0m44.413 ms - 3545[0m
[0mGET /page/modelList.html [36m304 [0m3.223 ms - -[0m
[0mGET /nodejs/modelList?action=findData&searchJson=&prePageNum=1&currPage=1 [32m200 [0m5.824 ms - 30[0m
{ action: 'loginOut' }
TypeError: Cannot read property 'username' of undefined
    at loginOut (E:\nodeApp\routes\login.js:129:41)
    at E:\nodeApp\routes\login.js:30:9
    at Layer.handle [as handle_request] (E:\nodeApp\node_modules\express\lib\router\layer.js:95:5)
    at next (E:\nodeApp\node_modules\express\lib\router\route.js:137:13)
    at Route.dispatch (E:\nodeApp\node_modules\express\lib\router\route.js:112:3)
    at Layer.handle [as handle_request] (E:\nodeApp\node_modules\express\lib\router\layer.js:95:5)
    at E:\nodeApp\node_modules\express\lib\router\index.js:281:22
    at Function.process_params (E:\nodeApp\node_modules\express\lib\router\index.js:335:12)
    at next (E:\nodeApp\node_modules\express\lib\router\index.js:275:10)
    at Function.handle (E:\nodeApp\node_modules\express\lib\router\index.js:174:3)
sendFile: E:\nodeApp\public\error.html
[0mPOST /nodejs/login [31m500 [0m4.387 ms - 216[0m
[0mGET /login.html [36m304 [0m3.840 ms - -[0m
[0mGET /js/layui/css/layui.css [36m304 [0m1.226 ms - -[0m
[0mGET /css/login.css [36m304 [0m4.611 ms - -[0m
[0mGET /js/layui/layui.js [36m304 [0m1.984 ms - -[0m
[0mGET /js/layui/lay/modules/layer.js [36m304 [0m0.872 ms - -[0m
[0mGET /image/login-bg-8.jpg [36m304 [0m0.688 ms - -[0m
[0mGET /js/layui/font/iconfont.woff?v=220 [36m304 [0m6.922 ms - -[0m
[0mGET /js/layui/css/modules/layer/default/layer.css?v=3.1.0 [36m304 [0m3.884 ms - -[0m
[0mGET /js/layui/lay/modules/jquery.js [36m304 [0m3.154 ms - -[0m
[0mGET /js/layui/lay/modules/form.js [36m304 [0m0.871 ms - -[0m
{ action: 'loginIn',
  searchJson: '{"username":"yuxian","password":"bnm123"}',
  osJson: '{"os":"windows","px":"1366x768"}' }
yuxianç™»å½•æˆåŠŸ
[0mPOST /nodejs/login [32m200 [0m32.813 ms - 12[0m
æ“ä½œè®°å½•æˆåŠŸaction=loginIn
[0mGET / [36m304 [0m0.746 ms - -[0m
[0mGET /js/layui/css/layui.css [36m304 [0m3.905 ms - -[0m
[0mGET /css/style.css [36m304 [0m4.062 ms - -[0m
[0mGET /js/director/director.js [36m304 [0m3.469 ms - -[0m
[0mGET /image/logo_pc.png [36m304 [0m4.626 ms - -[0m
[0mGET /js/layui/layui.js [36m304 [0m3.482 ms - -[0m
[0mGET /js/router/routerUrl.js [36m304 [0m6.085 ms - -[0m
[0mGET /image/logo_mobel.png [36m304 [0m1.062 ms - -[0m
[0mGET /js/layui/lay/modules/element.js [36m304 [0m1.078 ms - -[0m
[0mGET /js/layui/font/iconfont.woff?v=220 [36m304 [0m1.294 ms - -[0m
[0mGET /js/layui/lay/modules/jquery.js [36m304 [0m1.875 ms - -[0m
[0mGET /js/layui/lay/modules/laytpl.js [36m304 [0m3.386 ms - -[0m
[0mGET /js/router/directorRouter.js [36m304 [0m1.199 ms - -[0m
[0mGET /js/modeljs/dataDB.js [36m304 [0m1.868 ms - -[0m
{ action: 'findData', timeStamp: '1520648625639' }
æŸ¥è¯¢äº†11æ¡æ•°æ®ï¼Œå…±11æ¡æ•°æ®
[0mGET /nodejs/menu?action=findData&timeStamp=1520648625639 [32m200 [0m8.683 ms - 3299[0m
[0mGET /page/modelList.html [36m304 [0m2.167 ms - -[0m
[0mGET /js/layui/lay/modules/laydate.js [36m304 [0m0.671 ms - -[0m
[0mGET /js/layui/css/modules/laydate/default/laydate.css?v=5.0.9 [36m304 [0m4.641 ms - -[0m
[0mGET /js/layui/lay/modules/laypage.js [36m304 [0m4.676 ms - -[0m
[0mGET /js/layui/lay/modules/layer.js [36m304 [0m0.529 ms - -[0m
[0mGET /js/layui/css/modules/layer/default/layer.css?v=3.1.0 [36m304 [0m1.815 ms - -[0m
[0mGET /js/layui/lay/modules/table.js [36m304 [0m1.312 ms - -[0m
[0mGET /js/layui/lay/modules/form.js [36m304 [0m0.852 ms - -[0m
[0mGET /js/layui/lay/modules/upload.js [36m304 [0m0.709 ms - -[0m
[0mGET /js/modeljs/formVerify.js [36m304 [0m0.614 ms - -[0m
{ action: 'findData',
  searchJson: '',
  prePageNum: '1',
  currPage: '1' }
æŸ¥è¯¢äº†1æ¡æ•°æ®ï¼Œå…±11æ¡æ•°æ®
[0mGET /nodejs/modelList?action=findData&searchJson=&prePageNum=1&currPage=1 [32m200 [0m21.267 ms - 704[0m
{ currPage: '1', prePageNum: '10', action: 'findData' }
æŸ¥è¯¢äº†10æ¡æ•°æ®ï¼Œå…±11æ¡æ•°æ®
[0mGET /nodejs/modelList?currPage=1&prePageNum=10&action=findData [36m304 [0m31.870 ms - -[0m
[0mGET /page/testList.html [36m304 [0m4.713 ms - -[0m
{ action: 'findData',
  searchJson: '',
  prePageNum: '1',
  currPage: '1' }
æŸ¥è¯¢äº†1æ¡æ•°æ®ï¼Œå…±1æ¡æ•°æ®
[0mGET /nodejs/testList?action=findData&searchJson=&prePageNum=1&currPage=1 [36m304 [0m27.746 ms - -[0m
{ currPage: '1', prePageNum: '10', action: 'findData' }
æŸ¥è¯¢äº†1æ¡æ•°æ®ï¼Œå…±1æ¡æ•°æ®
[0mGET /nodejs/testList?currPage=1&prePageNum=10&action=findData [36m304 [0m27.820 ms - -[0m
[0mGET /page/modelList.html [36m304 [0m2.409 ms - -[0m
{ action: 'findData',
  searchJson: '',
  prePageNum: '1',
  currPage: '1' }
æŸ¥è¯¢äº†1æ¡æ•°æ®ï¼Œå…±11æ¡æ•°æ®
[0mGET /nodejs/modelList?action=findData&searchJson=&prePageNum=1&currPage=1 [36m304 [0m28.660 ms - -[0m
{ currPage: '1', prePageNum: '10', action: 'findData' }
æŸ¥è¯¢äº†10æ¡æ•°æ®ï¼Œå…±11æ¡æ•°æ®
[0mGET /nodejs/modelList?currPage=1&prePageNum=10&action=findData [36m304 [0m27.294 ms - -[0m
[0mGET /js/layui/css/layui.css [36m304 [0m3.667 ms - -[0m
[0mGET /css/style.css [36m304 [0m2.947 ms - -[0m
[0mGET /js/layui/css/modules/laydate/default/laydate.css?v=5.0.9 [36m304 [0m5.381 ms - -[0m
[0mGET /js/layui/css/modules/layer/default/layer.css?v=3.1.0 [36m304 [0m5.221 ms - -[0m
[0mGET / [36m304 [0m3.683 ms - -[0m
[0mGET /js/layui/css/layui.css [36m304 [0m4.953 ms - -[0m
[0mGET /css/style.css [36m304 [0m4.764 ms - -[0m
[0mGET /js/director/director.js [36m304 [0m4.756 ms - -[0m
[0mGET /js/layui/layui.js [36m304 [0m3.666 ms - -[0m
[0mGET /js/router/routerUrl.js [36m304 [0m3.609 ms - -[0m
[0mGET /image/logo_pc.png [36m304 [0m3.492 ms - -[0m
[0mGET /image/logo_mobel.png [36m304 [0m7.319 ms - -[0m
[0mGET /js/layui/lay/modules/element.js [36m304 [0m0.948 ms - -[0m
[0mGET /js/layui/font/iconfont.woff?v=220 [36m304 [0m0.986 ms - -[0m
[0mGET /js/layui/lay/modules/jquery.js [36m304 [0m1.284 ms - -[0m
[0mGET /js/layui/lay/modules/laytpl.js [36m304 [0m0.770 ms - -[0m
[0mGET /js/router/directorRouter.js [36m304 [0m1.054 ms - -[0m
[0mGET /js/modeljs/dataDB.js [36m304 [0m1.206 ms - -[0m
{ action: 'findData', timeStamp: '1520649154293' }
æŸ¥è¯¢äº†11æ¡æ•°æ®ï¼Œå…±11æ¡æ•°æ®
[0mGET /nodejs/menu?action=findData&timeStamp=1520649154293 [32m200 [0m8.617 ms - 3299[0m
[0mGET /page/modelList.html [36m304 [0m0.762 ms - -[0m
[0mGET /js/layui/lay/modules/laydate.js [36m304 [0m0.704 ms - -[0m
[0mGET /js/layui/css/modules/laydate/default/laydate.css?v=5.0.9 [36m304 [0m3.757 ms - -[0m
[0mGET /js/layui/lay/modules/laypage.js [36m304 [0m1.551 ms - -[0m
[0mGET /js/layui/lay/modules/layer.js [36m304 [0m0.695 ms - -[0m
[0mGET /js/layui/css/modules/layer/default/layer.css?v=3.1.0 [36m304 [0m0.863 ms - -[0m
[0mGET /js/layui/lay/modules/table.js [36m304 [0m1.071 ms - -[0m
[0mGET /js/layui/lay/modules/form.js [36m304 [0m0.859 ms - -[0m
[0mGET /js/layui/lay/modules/upload.js [36m304 [0m1.039 ms - -[0m
[0mGET /js/modeljs/formVerify.js [36m304 [0m1.208 ms - -[0m
{ action: 'findData',
  searchJson: '',
  prePageNum: '1',
  currPage: '1' }
æŸ¥è¯¢äº†1æ¡æ•°æ®ï¼Œå…±11æ¡æ•°æ®
[0mGET /nodejs/modelList?action=findData&searchJson=&prePageNum=1&currPage=1 [36m304 [0m31.249 ms - -[0m
{ currPage: '1', prePageNum: '10', action: 'findData' }
æŸ¥è¯¢äº†10æ¡æ•°æ®ï¼Œå…±11æ¡æ•°æ®
[0mGET /nodejs/modelList?currPage=1&prePageNum=10&action=findData [36m304 [0m25.827 ms - -[0m
[0mGET / [32m200 [0m2.802 ms - 13070[0m
[0mGET /js/layui/css/layui.css [36m304 [0m1.586 ms - -[0m
[0mGET /css/style.css [36m304 [0m0.617 ms - -[0m
[0mGET /js/director/director.js [36m304 [0m2.691 ms - -[0m
[0mGET /js/layui/layui.js [36m304 [0m3.235 ms - -[0m
[0mGET /js/router/routerUrl.js [36m304 [0m3.337 ms - -[0m
[0mGET /image/logo_pc.png [36m304 [0m2.788 ms - -[0m
[0mGET /image/logo_mobel.png [36m304 [0m2.943 ms - -[0m
[0mGET /js/layui/lay/modules/element.js [36m304 [0m3.963 ms - -[0m
[0mGET /js/layui/font/iconfont.woff?v=220 [36m304 [0m1.464 ms - -[0m
[0mGET /js/layui/lay/modules/jquery.js [36m304 [0m2.997 ms - -[0m
[0mGET /js/layui/lay/modules/laytpl.js [36m304 [0m1.009 ms - -[0m
[0mGET /js/router/directorRouter.js [36m304 [0m0.770 ms - -[0m
[0mGET /js/modeljs/dataDB.js [36m304 [0m0.806 ms - -[0m
{ action: 'findData', timeStamp: '1520649448180' }
æŸ¥è¯¢äº†11æ¡æ•°æ®ï¼Œå…±11æ¡æ•°æ®
[0mGET /nodejs/menu?action=findData&timeStamp=1520649448180 [32m200 [0m12.201 ms - 3299[0m
[0mGET /page/modelList.html [36m304 [0m1.474 ms - -[0m
[0mGET /js/layui/lay/modules/laydate.js [36m304 [0m0.907 ms - -[0m
[0mGET /js/layui/css/modules/laydate/default/laydate.css?v=5.0.9 [36m304 [0m2.896 ms - -[0m
[0mGET /js/layui/lay/modules/laypage.js [36m304 [0m1.361 ms - -[0m
[0mGET /js/layui/lay/modules/layer.js [36m304 [0m0.737 ms - -[0m
[0mGET /js/layui/css/modules/layer/default/layer.css?v=3.1.0 [36m304 [0m1.474 ms - -[0m
[0mGET /js/layui/lay/modules/table.js [36m304 [0m1.473 ms - -[0m
[0mGET /js/layui/lay/modules/form.js [36m304 [0m0.672 ms - -[0m
[0mGET /js/layui/lay/modules/upload.js [36m304 [0m0.667 ms - -[0m
[0mGET /js/modeljs/formVerify.js [36m304 [0m0.685 ms - -[0m
{ action: 'findData',
  searchJson: '',
  prePageNum: '1',
  currPage: '1' }
æŸ¥è¯¢äº†1æ¡æ•°æ®ï¼Œå…±11æ¡æ•°æ®
[0mGET /nodejs/modelList?action=findData&searchJson=&prePageNum=1&currPage=1 [36m304 [0m25.021 ms - -[0m
{ currPage: '1', prePageNum: '10', action: 'findData' }
æŸ¥è¯¢äº†10æ¡æ•°æ®ï¼Œå…±11æ¡æ•°æ®
[0mGET /nodejs/modelList?currPage=1&prePageNum=10&action=findData [36m304 [0m27.048 ms - -[0m
[0mGET / [36m304 [0m2.790 ms - -[0m
[0mGET /js/layui/css/layui.css [36m304 [0m1.342 ms - -[0m
[0mGET /css/style.css [36m304 [0m1.440 ms - -[0m
[0mGET /js/director/director.js [36m304 [0m1.628 ms - -[0m
[0mGET /js/router/routerUrl.js [36m304 [0m1.221 ms - -[0m
[0mGET /js/layui/layui.js [36m304 [0m2.285 ms - -[0m
[0mGET /image/logo_pc.png [36m304 [0m1.617 ms - -[0m
[0mGET /image/logo_mobel.png [36m304 [0m2.948 ms - -[0m
[0mGET /js/layui/lay/modules/element.js [36m304 [0m0.658 ms - -[0m
[0mGET /js/layui/font/iconfont.woff?v=220 [36m304 [0m1.230 ms - -[0m
[0mGET /js/layui/lay/modules/jquery.js [36m304 [0m0.664 ms - -[0m
[0mGET /js/layui/lay/modules/laytpl.js [36m304 [0m0.931 ms - -[0m
[0mGET /js/router/directorRouter.js [36m304 [0m0.903 ms - -[0m
[0mGET /js/modeljs/dataDB.js [36m304 [0m0.730 ms - -[0m
{ action: 'findData', timeStamp: '1520649457551' }
æŸ¥è¯¢äº†11æ¡æ•°æ®ï¼Œå…±11æ¡æ•°æ®
[0mGET /nodejs/menu?action=findData&timeStamp=1520649457551 [32m200 [0m13.027 ms - 3299[0m
[0mGET /page/modelList.html [36m304 [0m0.620 ms - -[0m
[0mGET /js/layui/lay/modules/laydate.js [36m304 [0m0.647 ms - -[0m
[0mGET /js/layui/css/modules/laydate/default/laydate.css?v=5.0.9 [36m304 [0m1.380 ms - -[0m
[0mGET /js/layui/lay/modules/laypage.js [36m304 [0m1.285 ms - -[0m
[0mGET /js/layui/lay/modules/layer.js [36m304 [0m0.574 ms - -[0m
[0mGET /js/layui/css/modules/layer/default/layer.css?v=3.1.0 [36m304 [0m1.475 ms - -[0m
[0mGET /js/layui/lay/modules/table.js [36m304 [0m1.298 ms - -[0m
[0mGET /js/layui/lay/modules/form.js [36m304 [0m0.584 ms - -[0m
[0mGET /js/layui/lay/modules/upload.js [36m304 [0m0.551 ms - -[0m
[0mGET /js/modeljs/formVerify.js [36m304 [0m0.567 ms - -[0m
{ action: 'findData',
  searchJson: '',
  prePageNum: '1',
  currPage: '1' }
æŸ¥è¯¢äº†1æ¡æ•°æ®ï¼Œå…±11æ¡æ•°æ®
[0mGET /nodejs/modelList?action=findData&searchJson=&prePageNum=1&currPage=1 [36m304 [0m22.329 ms - -[0m
{ currPage: '1', prePageNum: '10', action: 'findData' }
æŸ¥è¯¢äº†10æ¡æ•°æ®ï¼Œå…±11æ¡æ•°æ®
[0mGET /nodejs/modelList?currPage=1&prePageNum=10&action=findData [36m304 [0m25.399 ms - -[0m
[0mGET / [32m200 [0m9.265 ms - 13070[0m
[0mGET /js/layui/css/layui.css [36m304 [0m4.129 ms - -[0m
[0mGET /css/style.css [36m304 [0m2.810 ms - -[0m
[0mGET /js/director/director.js [36m304 [0m2.762 ms - -[0m
[0mGET /js/layui/layui.js [36m304 [0m1.923 ms - -[0m
[0mGET /js/router/routerUrl.js [36m304 [0m1.843 ms - -[0m
[0mGET /image/logo_pc.png [36m304 [0m1.688 ms - -[0m
[0mGET /image/logo_mobel.png [36m304 [0m1.564 ms - -[0m
[0mGET /js/layui/lay/modules/element.js [36m304 [0m1.199 ms - -[0m
[0mGET /js/layui/font/iconfont.woff?v=220 [36m304 [0m0.958 ms - -[0m
[0mGET /js/layui/lay/modules/jquery.js [36m304 [0m0.866 ms - -[0m
[0mGET /js/layui/lay/modules/laytpl.js [36m304 [0m1.103 ms - -[0m
[0mGET /js/router/directorRouter.js [36m304 [0m2.352 ms - -[0m
[0mGET /js/modeljs/dataDB.js [36m304 [0m0.873 ms - -[0m
{ action: 'findData', timeStamp: '1520649467959' }
æŸ¥è¯¢äº†11æ¡æ•°æ®ï¼Œå…±11æ¡æ•°æ®
[0mGET /nodejs/menu?action=findData&timeStamp=1520649467959 [32m200 [0m11.664 ms - 3299[0m
[0mGET /page/modelList.html [36m304 [0m0.614 ms - -[0m
[0mGET /js/layui/lay/modules/laydate.js [36m304 [0m0.842 ms - -[0m
[0mGET /js/layui/css/modules/laydate/default/laydate.css?v=5.0.9 [36m304 [0m1.366 ms - -[0m
[0mGET /js/layui/lay/modules/laypage.js [36m304 [0m1.246 ms - -[0m
[0mGET /js/layui/lay/modules/layer.js [36m304 [0m1.293 ms - -[0m
[0mGET /js/layui/css/modules/layer/default/layer.css?v=3.1.0 [36m304 [0m6.728 ms - -[0m
[0mGET /js/layui/lay/modules/table.js [36m304 [0m1.660 ms - -[0m
[0mGET /js/layui/lay/modules/form.js [36m304 [0m0.965 ms - -[0m
[0mGET /js/layui/lay/modules/upload.js [36m304 [0m0.911 ms - -[0m
[0mGET /js/modeljs/formVerify.js [36m304 [0m0.772 ms - -[0m
{ action: 'findData',
  searchJson: '',
  prePageNum: '1',
  currPage: '1' }
æŸ¥è¯¢äº†1æ¡æ•°æ®ï¼Œå…±11æ¡æ•°æ®
[0mGET /nodejs/modelList?action=findData&searchJson=&prePageNum=1&currPage=1 [36m304 [0m22.245 ms - -[0m
{ currPage: '1', prePageNum: '10', action: 'findData' }
æŸ¥è¯¢äº†10æ¡æ•°æ®ï¼Œå…±11æ¡æ•°æ®
[0mGET /nodejs/modelList?currPage=1&prePageNum=10&action=findData [36m304 [0m29.229 ms - -[0m
[0mGET / [32m200 [0m4.460 ms - 13070[0m
[0mGET /js/layui/css/layui.css [36m304 [0m3.378 ms - -[0m
[0mGET /css/style.css [36m304 [0m2.815 ms - -[0m
[0mGET /js/director/director.js [36m304 [0m5.354 ms - -[0m
[0mGET /js/layui/layui.js [36m304 [0m3.236 ms - -[0m
[0mGET /js/router/routerUrl.js [36m304 [0m3.163 ms - -[0m
[0mGET /image/logo_pc.png [36m304 [0m3.083 ms - -[0m
[0mGET /image/logo_mobel.png [36m304 [0m7.323 ms - -[0m
[0mGET /js/layui/lay/modules/element.js [36m304 [0m3.038 ms - -[0m
[0mGET /js/layui/font/iconfont.woff?v=220 [36m304 [0m5.634 ms - -[0m
[0mGET /js/layui/lay/modules/jquery.js [36m304 [0m0.993 ms - -[0m
[0mGET /js/layui/lay/modules/laytpl.js [36m304 [0m1.939 ms - -[0m
[0mGET /js/router/directorRouter.js [36m304 [0m0.674 ms - -[0m
[0mGET /js/modeljs/dataDB.js [36m304 [0m0.824 ms - -[0m
{ action: 'findData', timeStamp: '1520649487681' }
æŸ¥è¯¢äº†11æ¡æ•°æ®ï¼Œå…±11æ¡æ•°æ®
[0mGET /nodejs/menu?action=findData&timeStamp=1520649487681 [32m200 [0m12.120 ms - 3299[0m
[0mGET /page/modelList.html [36m304 [0m0.647 ms - -[0m
[0mGET /js/layui/lay/modules/laydate.js [36m304 [0m1.190 ms - -[0m
[0mGET /js/layui/css/modules/laydate/default/laydate.css?v=5.0.9 [36m304 [0m1.241 ms - -[0m
[0mGET /js/layui/lay/modules/laypage.js [36m304 [0m1.213 ms - -[0m
[0mGET /js/layui/lay/modules/layer.js [36m304 [0m1.129 ms - -[0m
[0mGET /js/layui/css/modules/layer/default/layer.css?v=3.1.0 [36m304 [0m3.883 ms - -[0m
[0mGET /js/layui/lay/modules/table.js [36m304 [0m1.860 ms - -[0m
[0mGET /js/layui/lay/modules/form.js [36m304 [0m1.359 ms - -[0m
[0mGET /js/layui/lay/modules/upload.js [36m304 [0m0.657 ms - -[0m
[0mGET /js/modeljs/formVerify.js [36m304 [0m1.005 ms - -[0m
{ action: 'findData',
  searchJson: '',
  prePageNum: '1',
  currPage: '1' }
æŸ¥è¯¢äº†1æ¡æ•°æ®ï¼Œå…±11æ¡æ•°æ®
[0mGET /nodejs/modelList?action=findData&searchJson=&prePageNum=1&currPage=1 [36m304 [0m24.336 ms - -[0m
{ currPage: '1', prePageNum: '10', action: 'findData' }
æŸ¥è¯¢äº†10æ¡æ•°æ®ï¼Œå…±11æ¡æ•°æ®
[0mGET /nodejs/modelList?currPage=1&prePageNum=10&action=findData [36m304 [0m28.066 ms - -[0m
