gateway "uWSGI http 1" has been buried (pid: 12230)
...gracefully killing workers...
Gracefully killing worker 2 (pid: 12227)...
Gracefully killing worker 4 (pid: 12229)...
Gracefully killing worker 3 (pid: 12228)...
Gracefully killing worker 1 (pid: 12226)...
worker 1 buried after 1 seconds
worker 2 buried after 1 seconds
worker 3 buried after 1 seconds
worker 4 buried after 1 seconds
binary reloading uWSGI...
chdir() to /media/xian/Work/myproject/flaskApp-LayUI
closing all non-uwsgi socket fds > 2 (max_fd = 1024)...
found fd 8 mapped to socket 0 (127.0.0.1:40525)
running /home/xian/.local/bin/uwsgi
[uWSGI] getting INI configuration from ./uwsgi.ini
*** Starting uWSGI 2.0.17.1 (64bit) on [Tue Mar 17 16:31:09 2020] ***
compiled with version: 7.3.0 on 16 December 2018 11:36:53
os: Linux-4.15.0-72-generic #81-Ubuntu SMP Tue Nov 26 12:20:02 UTC 2019
nodename: dell-3576
machine: x86_64
clock source: unix
detected number of CPU cores: 8
current working directory: /media/xian/Work/myproject/flaskApp-LayUI
detected binary path: /home/xian/.local/bin/uwsgi
!!! no internal routing support, rebuild with pcre support !!!
chdir() to /media/xian/Work/myproject/flaskApp-LayUI
your processes number limit is 30952
your memory page size is 4096 bytes
detected max file descriptor number: 1024
lock engine: pthread robust mutexes
thunder lock: disabled (you can enable it with --thunder-lock)
uWSGI http bound on :5000 fd 9
uwsgi socket 0 bound to TCP address 127.0.0.1:45297 (port auto-assigned) fd 7
Python version: 3.6.8 (default, Oct  7 2019, 12:59:55)  [GCC 8.3.0]
*** Python threads support is disabled. You can enable it with --enable-threads ***
Python main interpreter initialized at 0x55eff7918cd0
your server socket listen backlog is limited to 100 connections
your mercy for graceful operations on workers is 60 seconds
mapped 364520 bytes (355 KB) for 4 cores
*** Operational MODE: preforking ***
WSGI app 0 (mountpoint='') ready in 1 seconds on interpreter 0x55eff7918cd0 pid: 31482 (default app)
*** uWSGI is running in multiple interpreter mode ***
gracefully (RE)spawned uWSGI master process (pid: 31482)
spawned uWSGI worker 1 (pid: 12537, cores: 1)
spawned uWSGI worker 2 (pid: 12538, cores: 1)
spawned uWSGI worker 3 (pid: 12539, cores: 1)
spawned uWSGI worker 4 (pid: 12540, cores: 1)
spawned uWSGI http 1 (pid: 12541)
ImmutableMultiDict([('action', 'findData'), ('timeStamp', '1584433872678')])
select * from model_list order by level ASC, sort ASC
ImmutableMultiDict([('action', 'findDataAll'), ('whereStr', ''), ('prePageNum', '1'), ('currPage', '1')])
ImmutableMultiDict([('currPage', '1'), ('prePageNum', '5000'), ('action', 'findDataAll')])
ImmutableMultiDict([('action', 'delData'), ('whereJson', '{"modelId":[110002]}')])
select name,field_en from data_list where modelId=110002 limit 1
删除数据表完成
delete from data_list where modelId in (110002)
insert into record_list(`username`, `dbName`, `action`, `content`, `os`, `px`, `ip`, `time`, `modelId`, `dbName_ch`) values ('admin', 'data_list', '删除', "whereJson={'modelId': [110002]}", 'linux', '1476x830', '127.0.0.1', '2020-03-17 16:31:16', 100002, '数据列表')
删除test_list.html成功
删除test_list.py成功
写入routerUrl.js成功
写入urls.py成功
重启server
gateway "uWSGI http 1" has been buried (pid: 12541)
...gracefully killing workers...
Gracefully killing worker 3 (pid: 12539)...
Gracefully killing worker 4 (pid: 12540)...
Gracefully killing worker 2 (pid: 12538)...
Gracefully killing worker 1 (pid: 12537)...
worker 1 buried after 1 seconds
worker 2 buried after 1 seconds
worker 3 buried after 1 seconds
worker 4 buried after 1 seconds
binary reloading uWSGI...
chdir() to /media/xian/Work/myproject/flaskApp-LayUI
closing all non-uwsgi socket fds > 2 (max_fd = 1024)...
found fd 7 mapped to socket 0 (127.0.0.1:45297)
running /home/xian/.local/bin/uwsgi
[uWSGI] getting INI configuration from ./uwsgi.ini
*** Starting uWSGI 2.0.17.1 (64bit) on [Tue Mar 17 16:31:19 2020] ***
compiled with version: 7.3.0 on 16 December 2018 11:36:53
os: Linux-4.15.0-72-generic #81-Ubuntu SMP Tue Nov 26 12:20:02 UTC 2019
nodename: dell-3576
machine: x86_64
clock source: unix
detected number of CPU cores: 8
current working directory: /media/xian/Work/myproject/flaskApp-LayUI
detected binary path: /home/xian/.local/bin/uwsgi
!!! no internal routing support, rebuild with pcre support !!!
chdir() to /media/xian/Work/myproject/flaskApp-LayUI
your processes number limit is 30952
your memory page size is 4096 bytes
detected max file descriptor number: 1024
lock engine: pthread robust mutexes
thunder lock: disabled (you can enable it with --thunder-lock)
uWSGI http bound on :5000 fd 9
uwsgi socket 0 bound to TCP address 127.0.0.1:39341 (port auto-assigned) fd 8
Python version: 3.6.8 (default, Oct  7 2019, 12:59:55)  [GCC 8.3.0]
*** Python threads support is disabled. You can enable it with --enable-threads ***
Python main interpreter initialized at 0x55b684135cd0
your server socket listen backlog is limited to 100 connections
your mercy for graceful operations on workers is 60 seconds
mapped 364520 bytes (355 KB) for 4 cores
*** Operational MODE: preforking ***
WSGI app 0 (mountpoint='') ready in 0 seconds on interpreter 0x55b684135cd0 pid: 31482 (default app)
*** uWSGI is running in multiple interpreter mode ***
gracefully (RE)spawned uWSGI master process (pid: 31482)
spawned uWSGI worker 1 (pid: 12663, cores: 1)
spawned uWSGI worker 2 (pid: 12664, cores: 1)
spawned uWSGI worker 3 (pid: 12665, cores: 1)
spawned uWSGI worker 4 (pid: 12666, cores: 1)
spawned uWSGI http 1 (pid: 12667)
ImmutableMultiDict([('action', 'findData'), ('timeStamp', '1584433882031')])
select * from model_list order by level ASC, sort ASC
ImmutableMultiDict([('action', 'findDataAll'), ('whereStr', ''), ('prePageNum', '1'), ('currPage', '1')])
ImmutableMultiDict([('currPage', '1'), ('prePageNum', '5000'), ('action', 'findDataAll')])
ImmutableMultiDict([('action', 'findData'), ('whereStr', 'level=2'), ('sortStr', 'id ASC'), ('prePageNum', '100000'), ('currPage', '1')])
select * from model_list where level=2 order by id ASC limit 100000
ImmutableMultiDict([('action', 'findData'), ('whereStr', 'name="test_list"'), ('prePageNum', '1'), ('currPage', '1')])
select * from data_list where name="test_list" limit 1
ImmutableMultiDict([('action', 'insertData'), ('dataArr', '[{"id":110002,"name":"test_list","name_ch":"测试","field_ch":"ID","field_en":"id"}]')])
select modelId,field_en from data_list where modelId=110002 and field_en in("id") limit 1
创建数据表完成
insert into data_list(`name`, `name_ch`, `field_ch`, `field_en`, `data_type`, `field_width`, `field_sort`, `create_name`, `create_time`, `update_name`, `update_time`, `modelId`) values ('test_list', '测试', 'ID', 'id', 'int', 100, 1, 'admin', '2020-03-17 16:31:48', '', '', 110002)
插入list_data成功
insert into record_list(`username`, `dbName`, `action`, `content`, `os`, `px`, `ip`, `time`, `modelId`, `dbName_ch`) values ('admin', 'data_list', '增加', "dataArr=[{'name': 'test_list', 'name_ch': '测试', 'field_ch': 'ID', 'field_en': 'id', 'data_type': 'int', 'field_width': 100, 'field_sort': 1, 'create_name': 'admin', 'create_time': '2020-03-17 16:31:48', 'update_name': '', 'update_time': '', 'modelId': 110002}]", 'linux', '1476x830', '127.0.0.1', '2020-03-17 16:31:48', 100002, '数据列表')
复制test_list.html成功
复制test_list.py成功
写入routerUrl.js成功
写入urls.py成功
重启server
gateway "uWSGI http 1" has been buried (pid: 12667)
...gracefully killing workers...
Gracefully killing worker 1 (pid: 12663)...
Gracefully killing worker 2 (pid: 12664)...
Gracefully killing worker 3 (pid: 12665)...
Gracefully killing worker 4 (pid: 12666)...
worker 1 buried after 1 seconds
worker 2 buried after 1 seconds
worker 3 buried after 1 seconds
worker 4 buried after 1 seconds
binary reloading uWSGI...
chdir() to /media/xian/Work/myproject/flaskApp-LayUI
closing all non-uwsgi socket fds > 2 (max_fd = 1024)...
found fd 8 mapped to socket 0 (127.0.0.1:39341)
running /home/xian/.local/bin/uwsgi
[uWSGI] getting INI configuration from ./uwsgi.ini
*** Starting uWSGI 2.0.17.1 (64bit) on [Tue Mar 17 16:31:51 2020] ***
compiled with version: 7.3.0 on 16 December 2018 11:36:53
os: Linux-4.15.0-72-generic #81-Ubuntu SMP Tue Nov 26 12:20:02 UTC 2019
nodename: dell-3576
machine: x86_64
clock source: unix
detected number of CPU cores: 8
current working directory: /media/xian/Work/myproject/flaskApp-LayUI
detected binary path: /home/xian/.local/bin/uwsgi
!!! no internal routing support, rebuild with pcre support !!!
chdir() to /media/xian/Work/myproject/flaskApp-LayUI
your processes number limit is 30952
your memory page size is 4096 bytes
detected max file descriptor number: 1024
lock engine: pthread robust mutexes
thunder lock: disabled (you can enable it with --thunder-lock)
uWSGI http bound on :5000 fd 9
uwsgi socket 0 bound to TCP address 127.0.0.1:46743 (port auto-assigned) fd 7
Python version: 3.6.8 (default, Oct  7 2019, 12:59:55)  [GCC 8.3.0]
*** Python threads support is disabled. You can enable it with --enable-threads ***
Python main interpreter initialized at 0x564c4f4e8cd0
your server socket listen backlog is limited to 100 connections
your mercy for graceful operations on workers is 60 seconds
mapped 364520 bytes (355 KB) for 4 cores
*** Operational MODE: preforking ***
WSGI app 0 (mountpoint='') ready in 0 seconds on interpreter 0x564c4f4e8cd0 pid: 31482 (default app)
*** uWSGI is running in multiple interpreter mode ***
gracefully (RE)spawned uWSGI master process (pid: 31482)
spawned uWSGI worker 1 (pid: 12998, cores: 1)
spawned uWSGI worker 2 (pid: 12999, cores: 1)
spawned uWSGI worker 3 (pid: 13000, cores: 1)
spawned uWSGI worker 4 (pid: 13001, cores: 1)
spawned uWSGI http 1 (pid: 13002)
ImmutableMultiDict([('action', 'findData'), ('timeStamp', '1584433913483')])
select * from model_list order by level ASC, sort ASC
ImmutableMultiDict([('action', 'findDataAll'), ('whereStr', ''), ('prePageNum', '1'), ('currPage', '1')])
ImmutableMultiDict([('currPage', '1'), ('prePageNum', '5000'), ('action', 'findDataAll')])
ImmutableMultiDict([('action', 'findData'), ('searchJson', ''), ('prePageNum', '1'), ('currPage', '1')])
ImmutableMultiDict([('action', 'findDataAll'), ('whereStr', ''), ('prePageNum', '1'), ('currPage', '1')])
ImmutableMultiDict([('currPage', '1'), ('prePageNum', '5000'), ('action', 'findDataAll')])
ImmutableMultiDict([('action', 'delData'), ('whereJson', '{"modelId":[110002]}')])
select name,field_en from data_list where modelId=110002 limit 1
删除数据表完成
delete from data_list where modelId in (110002)
insert into record_list(`username`, `dbName`, `action`, `content`, `os`, `px`, `ip`, `time`, `modelId`, `dbName_ch`) values ('admin', 'data_list', '删除', "whereJson={'modelId': [110002]}", 'linux', '1476x830', '127.0.0.1', '2020-03-17 16:32:20', 100002, '数据列表')
删除test_list.html成功
删除test_list.py成功
写入routerUrl.js成功
写入urls.py成功
重启server
gateway "uWSGI http 1" has been buried (pid: 13002)
...gracefully killing workers...
Gracefully killing worker 3 (pid: 13000)...
Gracefully killing worker 2 (pid: 12999)...
Gracefully killing worker 4 (pid: 13001)...
Gracefully killing worker 1 (pid: 12998)...
worker 1 buried after 1 seconds
worker 2 buried after 1 seconds
worker 3 buried after 1 seconds
worker 4 buried after 1 seconds
binary reloading uWSGI...
chdir() to /media/xian/Work/myproject/flaskApp-LayUI
closing all non-uwsgi socket fds > 2 (max_fd = 1024)...
found fd 7 mapped to socket 0 (127.0.0.1:46743)
running /home/xian/.local/bin/uwsgi
[uWSGI] getting INI configuration from ./uwsgi.ini
*** Starting uWSGI 2.0.17.1 (64bit) on [Tue Mar 17 16:32:23 2020] ***
compiled with version: 7.3.0 on 16 December 2018 11:36:53
os: Linux-4.15.0-72-generic #81-Ubuntu SMP Tue Nov 26 12:20:02 UTC 2019
nodename: dell-3576
machine: x86_64
clock source: unix
detected number of CPU cores: 8
current working directory: /media/xian/Work/myproject/flaskApp-LayUI
detected binary path: /home/xian/.local/bin/uwsgi
!!! no internal routing support, rebuild with pcre support !!!
chdir() to /media/xian/Work/myproject/flaskApp-LayUI
your processes number limit is 30952
your memory page size is 4096 bytes
detected max file descriptor number: 1024
lock engine: pthread robust mutexes
thunder lock: disabled (you can enable it with --thunder-lock)
uWSGI http bound on :5000 fd 9
uwsgi socket 0 bound to TCP address 127.0.0.1:36995 (port auto-assigned) fd 8
Python version: 3.6.8 (default, Oct  7 2019, 12:59:55)  [GCC 8.3.0]
*** Python threads support is disabled. You can enable it with --enable-threads ***
Python main interpreter initialized at 0x55885fc70cd0
your server socket listen backlog is limited to 100 connections
your mercy for graceful operations on workers is 60 seconds
mapped 364520 bytes (355 KB) for 4 cores
*** Operational MODE: preforking ***
WSGI app 0 (mountpoint='') ready in 0 seconds on interpreter 0x55885fc70cd0 pid: 31482 (default app)
*** uWSGI is running in multiple interpreter mode ***
gracefully (RE)spawned uWSGI master process (pid: 31482)
spawned uWSGI worker 1 (pid: 13268, cores: 1)
spawned uWSGI worker 2 (pid: 13269, cores: 1)
spawned uWSGI worker 3 (pid: 13270, cores: 1)
spawned uWSGI worker 4 (pid: 13271, cores: 1)
spawned uWSGI http 1 (pid: 13272)
ImmutableMultiDict([('action', 'findData'), ('timeStamp', '1584433945321')])
select * from model_list order by level ASC, sort ASC
ImmutableMultiDict([('action', 'findDataAll'), ('whereStr', ''), ('prePageNum', '1'), ('currPage', '1')])
ImmutableMultiDict([('currPage', '1'), ('prePageNum', '5000'), ('action', 'findDataAll')])
SIGINT/SIGQUIT received...killing workers...
gateway "uWSGI http 1" has been buried (pid: 13272)
worker 1 buried after 1 seconds
worker 2 buried after 1 seconds
worker 3 buried after 1 seconds
worker 4 buried after 1 seconds
goodbye to uWSGI.
VACUUM: pidfile removed.
